Log file open, 04/02/20 13:01:17
LogWindows: Failed to load 'aqProf.dll' (GetLastError=126)
LogWindows: File 'aqProf.dll' does not exist
LogWindows: Failed to load 'VtuneApi.dll' (GetLastError=126)
LogWindows: File 'VtuneApi.dll' does not exist
LogWindows: Failed to load 'VtuneApi32e.dll' (GetLastError=126)
LogWindows: File 'VtuneApi32e.dll' does not exist
LogConsoleResponse: Display: Failed to find resolution value strings in scalability ini. Falling back to default.
LogInit: Display: Running engine for game: Building_Escape
LogPakFile: Registered encryption key '00000000000000000000000000000000': 0 pak files mounted, 0 remain pending
LogPlatformFile: Not using cached read wrapper
LogTaskGraph: Started task graph with 5 named threads and 23 total threads with 3 sets of task threads.
LogStats: Stats thread started at 0.598995
LogD3D11RHI: Loaded GFSDK_Aftermath_Lib.x64.dll
LogICUInternationalization: ICU TimeZone Detection - Raw Offset: +0:00, Platform Override: ''
LogPluginManager: Mounting plugin Paper2D
LogPluginManager: Mounting plugin AISupport
LogPluginManager: Mounting plugin LightPropagationVolume
LogPluginManager: Mounting plugin ActorLayerUtilities
LogPluginManager: Mounting plugin AnimationSharing
LogPluginManager: Mounting plugin CLionSourceCodeAccess
LogPluginManager: Mounting plugin CodeLiteSourceCodeAccess
LogPluginManager: Mounting plugin GitSourceControl
LogPluginManager: Mounting plugin KDevelopSourceCodeAccess
LogPluginManager: Mounting plugin NullSourceCodeAccess
LogPluginManager: Mounting plugin PerforceSourceControl
LogPluginManager: Mounting plugin SubversionSourceControl
LogPluginManager: Mounting plugin UObjectPlugin
LogPluginManager: Mounting plugin VisualStudioCodeSourceCodeAccess
LogPluginManager: Mounting plugin VisualStudioSourceCodeAccess
LogPluginManager: Mounting plugin XCodeSourceCodeAccess
LogPluginManager: Mounting plugin AssetManagerEditor
LogPluginManager: Mounting plugin CryptoKeys
LogPluginManager: Mounting plugin DataValidation
LogPluginManager: Mounting plugin FacialAnimation
LogPluginManager: Mounting plugin GameplayTagsEditor
LogPluginManager: Mounting plugin MacGraphicsSwitching
LogPluginManager: Mounting plugin MaterialAnalyzer
LogPluginManager: Mounting plugin MobileLauncherProfileWizard
LogPluginManager: Mounting plugin PluginBrowser
LogPluginManager: Mounting plugin SpeedTreeImporter
LogPluginManager: Mounting plugin DatasmithContent
LogPluginManager: Mounting plugin VariantManagerContent
LogPluginManager: Mounting plugin AlembicImporter
LogPluginManager: Mounting plugin AppleImageUtils
LogPluginManager: Mounting plugin AppleVision
LogPluginManager: Mounting plugin BackChannel
LogPluginManager: Mounting plugin CharacterAI
LogPluginManager: Mounting plugin GeometryCache
LogPluginManager: Mounting plugin HTML5Networking
LogPluginManager: Mounting plugin ProxyLODPlugin
LogPluginManager: Mounting plugin SkeletalReduction
LogPluginManager: Mounting plugin MagicLeap
LogPluginManager: Mounting plugin MagicLeapMedia
LogPluginManager: Mounting plugin AndroidMedia
LogPluginManager: Mounting plugin AvfMedia
LogPluginManager: Mounting plugin ImgMedia
LogPluginManager: Mounting plugin LinearTimecode
LogPluginManager: Mounting plugin MediaCompositing
LogPluginManager: Mounting plugin MediaPlayerEditor
LogPluginManager: Mounting plugin WebMMedia
LogPluginManager: Mounting plugin WmfMedia
LogPluginManager: Mounting plugin TcpMessaging
LogPluginManager: Mounting plugin UdpMessaging
LogPluginManager: Mounting plugin ActorSequence
LogPluginManager: Mounting plugin LevelSequenceEditor
LogPluginManager: Mounting plugin MatineeToLevelSequence
LogPluginManager: Mounting plugin NetcodeUnitTest
LogPluginManager: Mounting plugin NUTUnrealEngine4
LogPluginManager: Mounting plugin OnlineSubsystemGooglePlay
LogPluginManager: Mounting plugin OnlineSubsystemIOS
LogPluginManager: Mounting plugin OnlineSubsystem
LogPluginManager: Mounting plugin OnlineSubsystemNull
LogPluginManager: Mounting plugin OnlineSubsystemUtils
LogPluginManager: Mounting plugin LauncherChunkInstaller
LogPluginManager: Mounting plugin AndroidDeviceProfileSelector
LogPluginManager: Mounting plugin AndroidMoviePlayer
LogPluginManager: Mounting plugin AndroidPermission
LogPluginManager: Mounting plugin AppleMoviePlayer
LogPluginManager: Mounting plugin ArchVisCharacter
LogPluginManager: Mounting plugin AudioCapture
LogPluginManager: Mounting plugin CableComponent
LogPluginManager: Mounting plugin CustomMeshComponent
LogPluginManager: Mounting plugin EditableMesh
LogPluginManager: Mounting plugin ExampleDeviceProfileSelector
LogPluginManager: Mounting plugin Firebase
LogPluginManager: Mounting plugin GoogleCloudMessaging
LogPluginManager: Mounting plugin IOSDeviceProfileSelector
LogPluginManager: Mounting plugin LinuxDeviceProfileSelector
LogPluginManager: Mounting plugin LocationServicesBPLibrary
LogPluginManager: Mounting plugin MobilePatchingUtils
LogPluginManager: Mounting plugin OculusVR
LogPluginManager: Mounting plugin PhysXVehicles
LogPluginManager: Mounting plugin ProceduralMeshComponent
LogPluginManager: Mounting plugin RuntimePhysXCooking
LogPluginManager: Mounting plugin SignificanceManager
LogPluginManager: Mounting plugin WebMMoviePlayer
LogPluginManager: Mounting plugin WindowsMoviePlayer
LogInit: Using libcurl 7.55.1-DEV
LogInit:  - built for x86_64-pc-win32
LogInit:  - supports SSL with OpenSSL/1.1.1
LogInit:  - supports HTTP deflate (compression) using libz 1.2.8
LogInit:  - other features:
LogInit:      CURL_VERSION_SSL
LogInit:      CURL_VERSION_LIBZ
LogInit:      CURL_VERSION_IPV6
LogInit:      CURL_VERSION_ASYNCHDNS
LogInit:      CURL_VERSION_LARGEFILE
LogInit:      CURL_VERSION_IDN
LogInit:  CurlRequestOptions (configurable via config and command line):
LogInit:  - bVerifyPeer = true  - Libcurl will verify peer certificate
LogInit:  - bUseHttpProxy = false  - Libcurl will NOT use HTTP proxy
LogInit:  - bDontReuseConnections = false  - Libcurl will reuse connections
LogInit:  - MaxHostConnections = 16  - Libcurl will limit the number of connections to a host
LogInit:  - LocalHostAddr = Default
LogInit:  - BufferSize = 65536
LogInit: WinSock: version 1.1 (2.2), MaxSocks=32767, MaxUdp=65467
LogInit: Build: ++UE4+Release-4.22-CL-7053642
LogInit: Engine Version: 4.22.3-7053642+++UE4+Release-4.22
LogInit: Compatible Engine Version: 4.22.0-5660361+++UE4+Release-4.22
LogInit: Net CL: 5660361
LogInit: OS: Windows 10 (Release 1903) (), CPU: Intel(R) Core(TM) i7-6700K CPU @ 4.00GHz, GPU: NVIDIA GeForce RTX 2070 SUPER
LogInit: Compiled (64-bit): Jun 18 2019 03:09:11
LogInit: Compiled with Visual C++: 19.16.27025.01
LogInit: Build Configuration: Development
LogInit: Branch Name: ++UE4+Release-4.22
LogInit: Command Line: 
LogInit: Base Directory: X:/repos/UE_4.22/Engine/Binaries/Win64/
LogInit: Installed Engine Build: 1
LogDevObjectVersion: Number of dev versions registered: 23
LogDevObjectVersion:   Dev-Blueprints (B0D832E4-1F89-4F0D-ACCF-7EB736FD4AA2): 10
LogDevObjectVersion:   Dev-Build (E1C64328-A22C-4D53-A36C-8E866417BD8C): 0
LogDevObjectVersion:   Dev-Core (375EC13C-06E4-48FB-B500-84F0262A717E): 3
LogDevObjectVersion:   Dev-Editor (E4B068ED-F494-42E9-A231-DA0B2E46BB41): 30
LogDevObjectVersion:   Dev-Framework (CFFC743F-43B0-4480-9391-14DF171D2073): 35
LogDevObjectVersion:   Dev-Mobile (B02B49B5-BB20-44E9-A304-32B752E40360): 2
LogDevObjectVersion:   Dev-Networking (A4E4105C-59A1-49B5-A7C5-40C4547EDFEE): 0
LogDevObjectVersion:   Dev-Online (39C831C9-5AE6-47DC-9A44-9C173E1C8E7C): 0
LogDevObjectVersion:   Dev-Physics (78F01B33-EBEA-4F98-B9B4-84EACCB95AA2): 0
LogDevObjectVersion:   Dev-Platform (6631380F-2D4D-43E0-8009-CF276956A95A): 0
LogDevObjectVersion:   Dev-Rendering (12F88B9F-8875-4AFC-A67C-D90C383ABD29): 28
LogDevObjectVersion:   Dev-Sequencer (7B5AE74C-D270-4C10-A958-57980B212A5A): 11
LogDevObjectVersion:   Dev-VR (D7296918-1DD6-4BDD-9DE2-64A83CC13884): 2
LogDevObjectVersion:   Dev-LoadTimes (C2A15278-BFE7-4AFE-6C17-90FF531DF755): 1
LogDevObjectVersion:   Private-Geometry (6EACA3D4-40EC-4CC1-B786-8BED09428FC5): 3
LogDevObjectVersion:   Dev-AnimPhys (29E575DD-E0A3-4627-9D10-D276232CDCEA): 17
LogDevObjectVersion:   Dev-Anim (AF43A65D-7FD3-4947-9873-3E8ED9C1BB05): 2
LogDevObjectVersion:   Dev-ReflectionCapture (6B266CEC-1EC7-4B8F-A30B-E4D90942FC07): 1
LogDevObjectVersion:   Dev-Automation (0DF73D61-A23F-47EA-B727-89E90C41499A): 1
LogDevObjectVersion:   FortniteMain (601D1886-AC64-4F84-AA16-D3DE0DEAC7D6): 25
LogDevObjectVersion:   Dev-Enterprise (9DFFBCD6-494F-0158-E221-12823C92A888): 6
LogDevObjectVersion:   Dev-Niagara (F2AED0AC-9AFE-416F-8664-AA7FFA26D6FC): 1
LogDevObjectVersion:   Dev-Destruction (174F1F0B-B4C6-45A5-B13F-2EE8D0FB917D): 2
LogInit: Presizing for max 16777216 objects, including 0 objects not considered by GC, pre-allocating 0 bytes for permanent pool.
LogInit: Object subsystem initialized
LogConfig: Setting CVar [[con.DebugEarlyDefault:1]]
LogConfig: Setting CVar [[r.setres:1280x720]]
[2020.04.02-12.01.18:031][  0]LogConfig: Setting CVar [[r.VSync:0]]
[2020.04.02-12.01.18:031][  0]LogConfig: Setting CVar [[r.RHICmdBypass:0]]
[2020.04.02-12.01.18:031][  0]LogConfig: Applying CVar settings from Section [/Script/Engine.RendererSettings] File [X:/repos/Unreal02_BuildingEscape/Building_Escape/Saved/Config/Windows/Engine.ini]
[2020.04.02-12.01.18:031][  0]LogConfig: Setting CVar [[r.GPUCrashDebugging:0]]
[2020.04.02-12.01.18:032][  0]LogConfig: Setting CVar [[r.DefaultFeature.AutoExposure.ExtendDefaultLuminanceRange:1]]
[2020.04.02-12.01.18:032][  0]LogConfig: Applying CVar settings from Section [/Script/Engine.RendererOverrideSettings] File [X:/repos/Unreal02_BuildingEscape/Building_Escape/Saved/Config/Windows/Engine.ini]
[2020.04.02-12.01.18:032][  0]LogConfig: Applying CVar settings from Section [/Script/Engine.StreamingSettings] File [X:/repos/Unreal02_BuildingEscape/Building_Escape/Saved/Config/Windows/Engine.ini]
[2020.04.02-12.01.18:032][  0]LogConfig: Setting CVar [[s.MinBulkDataSizeForAsyncLoading:131072]]
[2020.04.02-12.01.18:032][  0]LogConfig: Setting CVar [[s.AsyncLoadingThreadEnabled:0]]
[2020.04.02-12.01.18:032][  0]LogConfig: Setting CVar [[s.EventDrivenLoaderEnabled:1]]
[2020.04.02-12.01.18:032][  0]LogConfig: Setting CVar [[s.WarnIfTimeLimitExceeded:0]]
[2020.04.02-12.01.18:032][  0]LogConfig: Setting CVar [[s.TimeLimitExceededMultiplier:1.5]]
[2020.04.02-12.01.18:032][  0]LogConfig: Setting CVar [[s.TimeLimitExceededMinTime:0.005]]
[2020.04.02-12.01.18:032][  0]LogConfig: Setting CVar [[s.UseBackgroundLevelStreaming:1]]
[2020.04.02-12.01.18:032][  0]LogConfig: Setting CVar [[s.PriorityAsyncLoadingExtraTime:15.0]]
[2020.04.02-12.01.18:032][  0]LogConfig: Setting CVar [[s.LevelStreamingActorsUpdateTimeLimit:5.0]]
[2020.04.02-12.01.18:032][  0]LogConfig: Setting CVar [[s.PriorityLevelStreamingActorsUpdateExtraTime:5.0]]
[2020.04.02-12.01.18:032][  0]LogConfig: Setting CVar [[s.LevelStreamingComponentsRegistrationGranularity:10]]
[2020.04.02-12.01.18:032][  0]LogConfig: Setting CVar [[s.UnregisterComponentsTimeLimit:1.0]]
[2020.04.02-12.01.18:032][  0]LogConfig: Setting CVar [[s.LevelStreamingComponentsUnregistrationGranularity:5]]
[2020.04.02-12.01.18:032][  0]LogConfig: Applying CVar settings from Section [/Script/Engine.GarbageCollectionSettings] File [X:/repos/Unreal02_BuildingEscape/Building_Escape/Saved/Config/Windows/Engine.ini]
[2020.04.02-12.01.18:032][  0]LogConfig: Setting CVar [[gc.MaxObjectsNotConsideredByGC:1]]
[2020.04.02-12.01.18:032][  0]LogConfig: Setting CVar [[gc.SizeOfPermanentObjectPool:0]]
[2020.04.02-12.01.18:032][  0]LogConfig: Setting CVar [[gc.FlushStreamingOnGC:0]]
[2020.04.02-12.01.18:032][  0]LogConfig: Setting CVar [[gc.NumRetriesBeforeForcingGC:10]]
[2020.04.02-12.01.18:032][  0]LogConfig: Setting CVar [[gc.AllowParallelGC:1]]
[2020.04.02-12.01.18:032][  0]LogConfig: Setting CVar [[gc.TimeBetweenPurgingPendingKillObjects:61.1]]
[2020.04.02-12.01.18:032][  0]LogConfig: Setting CVar [[gc.MaxObjectsInEditor:16777216]]
[2020.04.02-12.01.18:032][  0]LogConfig: Setting CVar [[gc.IncrementalBeginDestroyEnabled:1]]
[2020.04.02-12.01.18:032][  0]LogConfig: Setting CVar [[gc.CreateGCClusters:1]]
[2020.04.02-12.01.18:032][  0]LogConfig: Setting CVar [[gc.MinGCClusterSize:5]]
[2020.04.02-12.01.18:032][  0]LogConfig: Setting CVar [[gc.ActorClusteringEnabled:0]]
[2020.04.02-12.01.18:032][  0]LogConfig: Setting CVar [[gc.BlueprintClusteringEnabled:0]]
[2020.04.02-12.01.18:032][  0]LogConfig: Setting CVar [[gc.UseDisregardForGCOnDedicatedServers:0]]
[2020.04.02-12.01.18:032][  0]LogConfig: Applying CVar settings from Section [/Script/Engine.NetworkSettings] File [X:/repos/Unreal02_BuildingEscape/Building_Escape/Saved/Config/Windows/Engine.ini]
[2020.04.02-12.01.18:032][  0]LogConfig: Applying CVar settings from Section [/Script/UnrealEd.CookerSettings] File [X:/repos/Unreal02_BuildingEscape/Building_Escape/Saved/Config/Windows/Engine.ini]
[2020.04.02-12.01.18:039][  0]LogConfig: Applying CVar settings from Section [ViewDistanceQuality@3] File [X:/repos/Unreal02_BuildingEscape/Building_Escape/Saved/Config/Windows/Scalability.ini]
[2020.04.02-12.01.18:039][  0]LogConfig: Setting CVar [[r.SkeletalMeshLODBias:0]]
[2020.04.02-12.01.18:039][  0]LogConfig: Setting CVar [[r.ViewDistanceScale:1.0]]
[2020.04.02-12.01.18:039][  0]LogConfig: Applying CVar settings from Section [AntiAliasingQuality@3] File [X:/repos/Unreal02_BuildingEscape/Building_Escape/Saved/Config/Windows/Scalability.ini]
[2020.04.02-12.01.18:039][  0]LogConfig: Setting CVar [[r.PostProcessAAQuality:4]]
[2020.04.02-12.01.18:039][  0]LogConfig: Applying CVar settings from Section [ShadowQuality@3] File [X:/repos/Unreal02_BuildingEscape/Building_Escape/Saved/Config/Windows/Scalability.ini]
[2020.04.02-12.01.18:039][  0]LogConfig: Setting CVar [[r.LightFunctionQuality:1]]
[2020.04.02-12.01.18:039][  0]LogConfig: Setting CVar [[r.ShadowQuality:5]]
[2020.04.02-12.01.18:039][  0]LogConfig: Setting CVar [[r.Shadow.CSM.MaxCascades:10]]
[2020.04.02-12.01.18:039][  0]LogConfig: Setting CVar [[r.Shadow.MaxResolution:2048]]
[2020.04.02-12.01.18:039][  0]LogConfig: Setting CVar [[r.Shadow.MaxCSMResolution:2048]]
[2020.04.02-12.01.18:039][  0]LogConfig: Setting CVar [[r.Shadow.RadiusThreshold:0.01]]
[2020.04.02-12.01.18:039][  0]LogConfig: Setting CVar [[r.Shadow.DistanceScale:1.0]]
[2020.04.02-12.01.18:039][  0]LogConfig: Setting CVar [[r.Shadow.CSM.TransitionScale:1.0]]
[2020.04.02-12.01.18:039][  0]LogConfig: Setting CVar [[r.Shadow.PreShadowResolutionFactor:1.0]]
[2020.04.02-12.01.18:039][  0]LogConfig: Setting CVar [[r.DistanceFieldShadowing:1]]
[2020.04.02-12.01.18:039][  0]LogConfig: Setting CVar [[r.DistanceFieldAO:1]]
[2020.04.02-12.01.18:039][  0]LogConfig: Setting CVar [[r.AOQuality:2]]
[2020.04.02-12.01.18:039][  0]LogConfig: Setting CVar [[r.VolumetricFog:1]]
[2020.04.02-12.01.18:039][  0]LogConfig: Setting CVar [[r.VolumetricFog.GridPixelSize:8]]
[2020.04.02-12.01.18:039][  0]LogConfig: Setting CVar [[r.VolumetricFog.GridSizeZ:128]]
[2020.04.02-12.01.18:039][  0]LogConfig: Setting CVar [[r.VolumetricFog.HistoryMissSupersampleCount:4]]
[2020.04.02-12.01.18:039][  0]LogConfig: Setting CVar [[r.LightMaxDrawDistanceScale:1]]
[2020.04.02-12.01.18:039][  0]LogConfig: Setting CVar [[r.CapsuleShadows:1]]
[2020.04.02-12.01.18:039][  0]LogConfig: Applying CVar settings from Section [PostProcessQuality@3] File [X:/repos/Unreal02_BuildingEscape/Building_Escape/Saved/Config/Windows/Scalability.ini]
[2020.04.02-12.01.18:039][  0]LogConfig: Setting CVar [[r.MotionBlurQuality:4]]
[2020.04.02-12.01.18:039][  0]LogConfig: Setting CVar [[r.AmbientOcclusionMipLevelFactor:0.4]]
[2020.04.02-12.01.18:039][  0]LogConfig: Setting CVar [[r.AmbientOcclusionMaxQuality:100]]
[2020.04.02-12.01.18:039][  0]LogConfig: Setting CVar [[r.AmbientOcclusionLevels:-1]]
[2020.04.02-12.01.18:039][  0]LogConfig: Setting CVar [[r.AmbientOcclusionRadiusScale:1.0]]
[2020.04.02-12.01.18:039][  0]LogConfig: Setting CVar [[r.DepthOfFieldQuality:2]]
[2020.04.02-12.01.18:039][  0]LogConfig: Setting CVar [[r.RenderTargetPoolMin:400]]
[2020.04.02-12.01.18:039][  0]LogConfig: Setting CVar [[r.LensFlareQuality:2]]
[2020.04.02-12.01.18:039][  0]LogConfig: Setting CVar [[r.SceneColorFringeQuality:1]]
[2020.04.02-12.01.18:039][  0]LogConfig: Setting CVar [[r.EyeAdaptationQuality:2]]
[2020.04.02-12.01.18:039][  0]LogConfig: Setting CVar [[r.BloomQuality:5]]
[2020.04.02-12.01.18:039][  0]LogConfig: Setting CVar [[r.FastBlurThreshold:100]]
[2020.04.02-12.01.18:039][  0]LogConfig: Setting CVar [[r.Upscale.Quality:3]]
[2020.04.02-12.01.18:039][  0]LogConfig: Setting CVar [[r.Tonemapper.GrainQuantization:1]]
[2020.04.02-12.01.18:039][  0]LogConfig: Setting CVar [[r.LightShaftQuality:1]]
[2020.04.02-12.01.18:039][  0]LogConfig: Setting CVar [[r.Filter.SizeScale:1]]
[2020.04.02-12.01.18:039][  0]LogConfig: Setting CVar [[r.Tonemapper.Quality:5]]
[2020.04.02-12.01.18:039][  0]LogConfig: Setting CVar [[r.DOF.Gather.AccumulatorQuality:1        ; higher gathering accumulator quality]]
[2020.04.02-12.01.18:039][  0]LogConfig: Setting CVar [[r.DOF.Gather.PostfilterMethod:1          ; Median3x3 postfilering method]]
[2020.04.02-12.01.18:039][  0]LogConfig: Setting CVar [[r.DOF.Gather.EnableBokehSettings:0       ; no bokeh simulation when gathering]]
[2020.04.02-12.01.18:039][  0]LogConfig: Setting CVar [[r.DOF.Gather.RingCount:4                 ; medium number of samples when gathering]]
[2020.04.02-12.01.18:039][  0]LogConfig: Setting CVar [[r.DOF.Scatter.ForegroundCompositing:1    ; additive foreground scattering]]
[2020.04.02-12.01.18:039][  0]LogConfig: Setting CVar [[r.DOF.Scatter.BackgroundCompositing:2    ; additive background scattering]]
[2020.04.02-12.01.18:039][  0]LogConfig: Setting CVar [[r.DOF.Scatter.EnableBokehSettings:1      ; bokeh simulation when scattering]]
[2020.04.02-12.01.18:039][  0]LogConfig: Setting CVar [[r.DOF.Scatter.MaxSpriteRatio:0.1         ; only a maximum of 10% of scattered bokeh]]
[2020.04.02-12.01.18:039][  0]LogConfig: Setting CVar [[r.DOF.Recombine.Quality:1                ; cheap slight out of focus]]
[2020.04.02-12.01.18:039][  0]LogConfig: Setting CVar [[r.DOF.Recombine.EnableBokehSettings:0    ; no bokeh simulation on slight out of focus]]
[2020.04.02-12.01.18:039][  0]LogConfig: Setting CVar [[r.DOF.TemporalAAQuality:1                ; more stable temporal accumulation]]
[2020.04.02-12.01.18:039][  0]LogConfig: Setting CVar [[r.DOF.Kernel.MaxForegroundRadius:0.025]]
[2020.04.02-12.01.18:039][  0]LogConfig: Setting CVar [[r.DOF.Kernel.MaxBackgroundRadius:0.025]]
[2020.04.02-12.01.18:039][  0]LogConfig: Applying CVar settings from Section [TextureQuality@3] File [X:/repos/Unreal02_BuildingEscape/Building_Escape/Saved/Config/Windows/Scalability.ini]
[2020.04.02-12.01.18:039][  0]LogConfig: Setting CVar [[r.Streaming.MipBias:0]]
[2020.04.02-12.01.18:039][  0]LogConfig: Setting CVar [[r.Streaming.AmortizeCPUToGPUCopy:0]]
[2020.04.02-12.01.18:039][  0]LogConfig: Setting CVar [[r.Streaming.MaxNumTexturesToStreamPerFrame:0]]
[2020.04.02-12.01.18:039][  0]LogConfig: Setting CVar [[r.Streaming.Boost:1]]
[2020.04.02-12.01.18:039][  0]LogConfig: Setting CVar [[r.MaxAnisotropy:8]]
[2020.04.02-12.01.18:039][  0]LogConfig: Setting CVar [[r.Streaming.LimitPoolSizeToVRAM:0]]
[2020.04.02-12.01.18:039][  0]LogConfig: Setting CVar [[r.Streaming.PoolSize:1000]]
[2020.04.02-12.01.18:039][  0]LogConfig: Setting CVar [[r.Streaming.MaxEffectiveScreenSize:0]]
[2020.04.02-12.01.18:039][  0]LogConfig: Applying CVar settings from Section [EffectsQuality@3] File [X:/repos/Unreal02_BuildingEscape/Building_Escape/Saved/Config/Windows/Scalability.ini]
[2020.04.02-12.01.18:039][  0]LogConfig: Setting CVar [[r.TranslucencyLightingVolumeDim:64]]
[2020.04.02-12.01.18:039][  0]LogConfig: Setting CVar [[r.RefractionQuality:2]]
[2020.04.02-12.01.18:039][  0]LogConfig: Setting CVar [[r.SSR.Quality:3]]
[2020.04.02-12.01.18:039][  0]LogConfig: Setting CVar [[r.SceneColorFormat:4]]
[2020.04.02-12.01.18:039][  0]LogConfig: Setting CVar [[r.DetailMode:2]]
[2020.04.02-12.01.18:039][  0]LogConfig: Setting CVar [[r.TranslucencyVolumeBlur:1]]
[2020.04.02-12.01.18:039][  0]LogConfig: Setting CVar [[r.MaterialQualityLevel:1 ; High quality]]
[2020.04.02-12.01.18:039][  0]LogConfig: Setting CVar [[r.SSS.Scale:1]]
[2020.04.02-12.01.18:039][  0]LogConfig: Setting CVar [[r.SSS.SampleSet:2]]
[2020.04.02-12.01.18:039][  0]LogConfig: Setting CVar [[r.SSS.Quality:1]]
[2020.04.02-12.01.18:039][  0]LogConfig: Setting CVar [[r.SSS.HalfRes:1]]
[2020.04.02-12.01.18:039][  0]LogConfig: Setting CVar [[r.EmitterSpawnRateScale:1.0]]
[2020.04.02-12.01.18:039][  0]LogConfig: Setting CVar [[r.ParticleLightQuality:2]]
[2020.04.02-12.01.18:039][  0]LogConfig: Applying CVar settings from Section [FoliageQuality@3] File [X:/repos/Unreal02_BuildingEscape/Building_Escape/Saved/Config/Windows/Scalability.ini]
[2020.04.02-12.01.18:039][  0]LogConfig: Setting CVar [[foliage.DensityScale:1.0]]
[2020.04.02-12.01.18:039][  0]LogConfig: Setting CVar [[grass.DensityScale:1.0]]
[2020.04.02-12.01.18:040][  0]LogInit: Selected Device Profile: [Windows]
[2020.04.02-12.01.18:040][  0]LogInit: Applying CVar settings loaded from the selected device profile: [Windows]
[2020.04.02-12.01.18:060][  0]LogHAL: Display: Platform has ~ 16 GB [17115619328 / 17179869184 / 16], which maps to Larger [LargestMinGB=32, LargerMinGB=12, DefaultMinGB=8, SmallerMinGB=6, SmallestMinGB=0)
[2020.04.02-12.01.18:061][  0]LogConfig: Setting CVar [[r.Vulkan.UseRealUBs:0		; Required until we fix HLR fall-out]]
[2020.04.02-12.01.18:061][  0]LogInit: Going up to parent DeviceProfile []
[2020.04.02-12.01.18:061][  0]LogConfig: Applying CVar settings from Section [ViewDistanceQuality@3] File [X:/repos/Unreal02_BuildingEscape/Building_Escape/Saved/Config/Windows/Scalability.ini]
[2020.04.02-12.01.18:061][  0]LogConfig: Setting CVar [[r.SkeletalMeshLODBias:0]]
[2020.04.02-12.01.18:061][  0]LogConfig: Setting CVar [[r.ViewDistanceScale:1.0]]
[2020.04.02-12.01.18:061][  0]LogConfig: Applying CVar settings from Section [AntiAliasingQuality@3] File [X:/repos/Unreal02_BuildingEscape/Building_Escape/Saved/Config/Windows/Scalability.ini]
[2020.04.02-12.01.18:061][  0]LogConfig: Setting CVar [[r.PostProcessAAQuality:4]]
[2020.04.02-12.01.18:061][  0]LogConfig: Applying CVar settings from Section [ShadowQuality@3] File [X:/repos/Unreal02_BuildingEscape/Building_Escape/Saved/Config/Windows/Scalability.ini]
[2020.04.02-12.01.18:061][  0]LogConfig: Setting CVar [[r.LightFunctionQuality:1]]
[2020.04.02-12.01.18:061][  0]LogConfig: Setting CVar [[r.ShadowQuality:5]]
[2020.04.02-12.01.18:061][  0]LogConfig: Setting CVar [[r.Shadow.CSM.MaxCascades:10]]
[2020.04.02-12.01.18:061][  0]LogConfig: Setting CVar [[r.Shadow.MaxResolution:2048]]
[2020.04.02-12.01.18:061][  0]LogConfig: Setting CVar [[r.Shadow.MaxCSMResolution:2048]]
[2020.04.02-12.01.18:061][  0]LogConfig: Setting CVar [[r.Shadow.RadiusThreshold:0.01]]
[2020.04.02-12.01.18:061][  0]LogConfig: Setting CVar [[r.Shadow.DistanceScale:1.0]]
[2020.04.02-12.01.18:061][  0]LogConfig: Setting CVar [[r.Shadow.CSM.TransitionScale:1.0]]
[2020.04.02-12.01.18:061][  0]LogConfig: Setting CVar [[r.Shadow.PreShadowResolutionFactor:1.0]]
[2020.04.02-12.01.18:062][  0]LogConfig: Setting CVar [[r.DistanceFieldShadowing:1]]
[2020.04.02-12.01.18:062][  0]LogConfig: Setting CVar [[r.DistanceFieldAO:1]]
[2020.04.02-12.01.18:062][  0]LogConfig: Setting CVar [[r.AOQuality:2]]
[2020.04.02-12.01.18:062][  0]LogConfig: Setting CVar [[r.VolumetricFog:1]]
[2020.04.02-12.01.18:062][  0]LogConfig: Setting CVar [[r.VolumetricFog.GridPixelSize:8]]
[2020.04.02-12.01.18:062][  0]LogConfig: Setting CVar [[r.VolumetricFog.GridSizeZ:128]]
[2020.04.02-12.01.18:062][  0]LogConfig: Setting CVar [[r.VolumetricFog.HistoryMissSupersampleCount:4]]
[2020.04.02-12.01.18:062][  0]LogConfig: Setting CVar [[r.LightMaxDrawDistanceScale:1]]
[2020.04.02-12.01.18:062][  0]LogConfig: Setting CVar [[r.CapsuleShadows:1]]
[2020.04.02-12.01.18:062][  0]LogConfig: Applying CVar settings from Section [PostProcessQuality@3] File [X:/repos/Unreal02_BuildingEscape/Building_Escape/Saved/Config/Windows/Scalability.ini]
[2020.04.02-12.01.18:062][  0]LogConfig: Setting CVar [[r.MotionBlurQuality:4]]
[2020.04.02-12.01.18:062][  0]LogConfig: Setting CVar [[r.AmbientOcclusionMipLevelFactor:0.4]]
[2020.04.02-12.01.18:062][  0]LogConfig: Setting CVar [[r.AmbientOcclusionMaxQuality:100]]
[2020.04.02-12.01.18:062][  0]LogConfig: Setting CVar [[r.AmbientOcclusionLevels:-1]]
[2020.04.02-12.01.18:062][  0]LogConfig: Setting CVar [[r.AmbientOcclusionRadiusScale:1.0]]
[2020.04.02-12.01.18:062][  0]LogConfig: Setting CVar [[r.DepthOfFieldQuality:2]]
[2020.04.02-12.01.18:062][  0]LogConfig: Setting CVar [[r.RenderTargetPoolMin:400]]
[2020.04.02-12.01.18:062][  0]LogConfig: Setting CVar [[r.LensFlareQuality:2]]
[2020.04.02-12.01.18:062][  0]LogConfig: Setting CVar [[r.SceneColorFringeQuality:1]]
[2020.04.02-12.01.18:062][  0]LogConfig: Setting CVar [[r.EyeAdaptationQuality:2]]
[2020.04.02-12.01.18:062][  0]LogConfig: Setting CVar [[r.BloomQuality:5]]
[2020.04.02-12.01.18:062][  0]LogConfig: Setting CVar [[r.FastBlurThreshold:100]]
[2020.04.02-12.01.18:062][  0]LogConfig: Setting CVar [[r.Upscale.Quality:3]]
[2020.04.02-12.01.18:062][  0]LogConfig: Setting CVar [[r.Tonemapper.GrainQuantization:1]]
[2020.04.02-12.01.18:062][  0]LogConfig: Setting CVar [[r.LightShaftQuality:1]]
[2020.04.02-12.01.18:062][  0]LogConfig: Setting CVar [[r.Filter.SizeScale:1]]
[2020.04.02-12.01.18:062][  0]LogConfig: Setting CVar [[r.Tonemapper.Quality:5]]
[2020.04.02-12.01.18:062][  0]LogConfig: Setting CVar [[r.DOF.Gather.AccumulatorQuality:1        ; higher gathering accumulator quality]]
[2020.04.02-12.01.18:062][  0]LogConfig: Setting CVar [[r.DOF.Gather.PostfilterMethod:1          ; Median3x3 postfilering method]]
[2020.04.02-12.01.18:062][  0]LogConfig: Setting CVar [[r.DOF.Gather.EnableBokehSettings:0       ; no bokeh simulation when gathering]]
[2020.04.02-12.01.18:062][  0]LogConfig: Setting CVar [[r.DOF.Gather.RingCount:4                 ; medium number of samples when gathering]]
[2020.04.02-12.01.18:062][  0]LogConfig: Setting CVar [[r.DOF.Scatter.ForegroundCompositing:1    ; additive foreground scattering]]
[2020.04.02-12.01.18:062][  0]LogConfig: Setting CVar [[r.DOF.Scatter.BackgroundCompositing:2    ; additive background scattering]]
[2020.04.02-12.01.18:062][  0]LogConfig: Setting CVar [[r.DOF.Scatter.EnableBokehSettings:1      ; bokeh simulation when scattering]]
[2020.04.02-12.01.18:062][  0]LogConfig: Setting CVar [[r.DOF.Scatter.MaxSpriteRatio:0.1         ; only a maximum of 10% of scattered bokeh]]
[2020.04.02-12.01.18:062][  0]LogConfig: Setting CVar [[r.DOF.Recombine.Quality:1                ; cheap slight out of focus]]
[2020.04.02-12.01.18:062][  0]LogConfig: Setting CVar [[r.DOF.Recombine.EnableBokehSettings:0    ; no bokeh simulation on slight out of focus]]
[2020.04.02-12.01.18:062][  0]LogConfig: Setting CVar [[r.DOF.TemporalAAQuality:1                ; more stable temporal accumulation]]
[2020.04.02-12.01.18:062][  0]LogConfig: Setting CVar [[r.DOF.Kernel.MaxForegroundRadius:0.025]]
[2020.04.02-12.01.18:062][  0]LogConfig: Setting CVar [[r.DOF.Kernel.MaxBackgroundRadius:0.025]]
[2020.04.02-12.01.18:062][  0]LogConfig: Applying CVar settings from Section [TextureQuality@3] File [X:/repos/Unreal02_BuildingEscape/Building_Escape/Saved/Config/Windows/Scalability.ini]
[2020.04.02-12.01.18:062][  0]LogConfig: Setting CVar [[r.Streaming.MipBias:0]]
[2020.04.02-12.01.18:062][  0]LogConfig: Setting CVar [[r.Streaming.AmortizeCPUToGPUCopy:0]]
[2020.04.02-12.01.18:062][  0]LogConfig: Setting CVar [[r.Streaming.MaxNumTexturesToStreamPerFrame:0]]
[2020.04.02-12.01.18:062][  0]LogConfig: Setting CVar [[r.Streaming.Boost:1]]
[2020.04.02-12.01.18:062][  0]LogConfig: Setting CVar [[r.MaxAnisotropy:8]]
[2020.04.02-12.01.18:062][  0]LogConfig: Setting CVar [[r.Streaming.LimitPoolSizeToVRAM:0]]
[2020.04.02-12.01.18:062][  0]LogConfig: Setting CVar [[r.Streaming.PoolSize:1000]]
[2020.04.02-12.01.18:062][  0]LogConfig: Setting CVar [[r.Streaming.MaxEffectiveScreenSize:0]]
[2020.04.02-12.01.18:062][  0]LogConfig: Applying CVar settings from Section [EffectsQuality@3] File [X:/repos/Unreal02_BuildingEscape/Building_Escape/Saved/Config/Windows/Scalability.ini]
[2020.04.02-12.01.18:062][  0]LogConfig: Setting CVar [[r.TranslucencyLightingVolumeDim:64]]
[2020.04.02-12.01.18:062][  0]LogConfig: Setting CVar [[r.RefractionQuality:2]]
[2020.04.02-12.01.18:062][  0]LogConfig: Setting CVar [[r.SSR.Quality:3]]
[2020.04.02-12.01.18:062][  0]LogConfig: Setting CVar [[r.SceneColorFormat:4]]
[2020.04.02-12.01.18:062][  0]LogConfig: Setting CVar [[r.DetailMode:2]]
[2020.04.02-12.01.18:062][  0]LogConfig: Setting CVar [[r.TranslucencyVolumeBlur:1]]
[2020.04.02-12.01.18:062][  0]LogConfig: Setting CVar [[r.MaterialQualityLevel:1 ; High quality]]
[2020.04.02-12.01.18:062][  0]LogConfig: Setting CVar [[r.SSS.Scale:1]]
[2020.04.02-12.01.18:062][  0]LogConfig: Setting CVar [[r.SSS.SampleSet:2]]
[2020.04.02-12.01.18:062][  0]LogConfig: Setting CVar [[r.SSS.Quality:1]]
[2020.04.02-12.01.18:062][  0]LogConfig: Setting CVar [[r.SSS.HalfRes:1]]
[2020.04.02-12.01.18:062][  0]LogConfig: Setting CVar [[r.EmitterSpawnRateScale:1.0]]
[2020.04.02-12.01.18:062][  0]LogConfig: Setting CVar [[r.ParticleLightQuality:2]]
[2020.04.02-12.01.18:062][  0]LogConfig: Applying CVar settings from Section [FoliageQuality@3] File [X:/repos/Unreal02_BuildingEscape/Building_Escape/Saved/Config/Windows/Scalability.ini]
[2020.04.02-12.01.18:062][  0]LogConfig: Setting CVar [[foliage.DensityScale:1.0]]
[2020.04.02-12.01.18:062][  0]LogConfig: Setting CVar [[grass.DensityScale:1.0]]
[2020.04.02-12.01.18:062][  0]LogConfig: Applying CVar settings from Section [Startup] File [../../../Engine/Config/ConsoleVariables.ini]
[2020.04.02-12.01.18:068][  0]LogConfig: Setting CVar [[net.UseAdaptiveNetUpdateFrequency:0]]
[2020.04.02-12.01.18:068][  0]LogConfig: Setting CVar [[p.chaos.AllowCreatePhysxBodies:1]]
[2020.04.02-12.01.18:068][  0]LogConfig: Applying CVar settings from Section [ConsoleVariables] File [X:/repos/Unreal02_BuildingEscape/Building_Escape/Saved/Config/Windows/Engine.ini]
[2020.04.02-12.01.18:069][  0]LogInit: Computer: SERGEI
[2020.04.02-12.01.18:069][  0]LogInit: User: Jakob
[2020.04.02-12.01.18:069][  0]LogInit: CPU Page size=4096, Cores=4
[2020.04.02-12.01.18:069][  0]LogInit: High frequency timer resolution =10.000000 MHz
[2020.04.02-12.01.18:069][  0]LogMemory: Memory total: Physical=15.9GB (16GB approx)
[2020.04.02-12.01.18:069][  0]LogMemory: Platform Memory Stats for Windows
[2020.04.02-12.01.18:069][  0]LogMemory: Process Physical Memory: 95.68 MB used, 95.69 MB peak
[2020.04.02-12.01.18:069][  0]LogMemory: Process Virtual Memory: 90.38 MB used, 90.38 MB peak
[2020.04.02-12.01.18:069][  0]LogMemory: Physical Memory: 8146.20 MB used,  8176.52 MB free, 16322.73 MB total
[2020.04.02-12.01.18:069][  0]LogMemory: Virtual Memory: 4642.43 MB used,  134213088.00 MB free, 134217728.00 MB total
[2020.04.02-12.01.18:262][  0]LogInit: Using OS detected language (en-US).
[2020.04.02-12.01.18:262][  0]LogInit: Using OS detected locale (en-US).
[2020.04.02-12.01.18:265][  0]LogTextLocalizationManager: No specific localization for 'en-US' exists, so the 'en' localization will be used.
[2020.04.02-12.01.18:597][  0]LogSlate: New Slate User Created.  User Index 0, Is Virtual User: 0
[2020.04.02-12.01.18:597][  0]LogSlate: Slate User Registered.  User Index 0, Is Virtual User: 0
[2020.04.02-12.01.20:522][  0]LogD3D11RHI: D3D11 adapters:
[2020.04.02-12.01.20:616][  0]LogD3D11RHI:    0. 'NVIDIA GeForce RTX 2070 SUPER' (Feature Level 11_0)
[2020.04.02-12.01.20:616][  0]LogD3D11RHI:       8011/0/8161 MB DedicatedVideo/DedicatedSystem/SharedSystem, Outputs:2, VendorId:0x10de
[2020.04.02-12.01.20:618][  0]LogD3D11RHI:    1. 'Microsoft Basic Render Driver' (Feature Level 11_0)
[2020.04.02-12.01.20:618][  0]LogD3D11RHI:       0/0/8161 MB DedicatedVideo/DedicatedSystem/SharedSystem, Outputs:0, VendorId:0x1414
[2020.04.02-12.01.20:618][  0]LogD3D11RHI: Chosen D3D11 Adapter: 0
[2020.04.02-12.01.20:626][  0]LogD3D11RHI: Creating new Direct3DDevice
[2020.04.02-12.01.20:626][  0]LogD3D11RHI:     GPU DeviceId: 0x1e84 (for the marketing name, search the web for "GPU Device Id")
[2020.04.02-12.01.20:626][  0]LogWindows: EnumDisplayDevices:
[2020.04.02-12.01.20:627][  0]LogWindows:    0. 'NVIDIA GeForce RTX 2070 SUPER' (P:0 D:1)
[2020.04.02-12.01.20:627][  0]LogWindows:    1. 'NVIDIA GeForce RTX 2070 SUPER' (P:1 D:1)
[2020.04.02-12.01.20:627][  0]LogWindows:    2. 'NVIDIA GeForce RTX 2070 SUPER' (P:0 D:0)
[2020.04.02-12.01.20:627][  0]LogWindows:    3. 'NVIDIA GeForce RTX 2070 SUPER' (P:0 D:0)
[2020.04.02-12.01.20:627][  0]LogWindows: DebugString: FoundDriverCount:4 
[2020.04.02-12.01.20:627][  0]LogD3D11RHI:     Adapter Name: NVIDIA GeForce RTX 2070 SUPER
[2020.04.02-12.01.20:627][  0]LogD3D11RHI:   Driver Version: 445.75 (internal:26.21.14.4575, unified:445.75)
[2020.04.02-12.01.20:627][  0]LogD3D11RHI:      Driver Date: 3-17-2020
[2020.04.02-12.01.20:627][  0]LogRHI: Texture pool is 5607 MB (70% of 8011 MB)
[2020.04.02-12.01.20:669][  0]LogD3D11RHI: Async texture creation enabled
[2020.04.02-12.01.20:679][  0]LogRendererCore: FGlobalReadBuffer::InitRHI
[2020.04.02-12.01.20:680][  0]LogRendererCore: FGlobalReadBuffer::InitRHI
[2020.04.02-12.01.20:680][  0]LogRendererCore: FGlobalReadBuffer::InitRHI
[2020.04.02-12.01.20:695][  0]LogD3D11RHI: GPU Timing Frequency: 1000.000000 (Debug: 2 2)
[2020.04.02-12.01.21:194][  0]LogTemp: Display: Module 'AllDesktopTargetPlatform' loaded TargetPlatform 'AllDesktop'
[2020.04.02-12.01.21:219][  0]LogTemp: Display: Module 'MacClientTargetPlatform' loaded TargetPlatform 'MacClient'
[2020.04.02-12.01.21:248][  0]LogTemp: Display: Module 'MacNoEditorTargetPlatform' loaded TargetPlatform 'MacNoEditor'
[2020.04.02-12.01.21:272][  0]LogTemp: Display: Module 'MacServerTargetPlatform' loaded TargetPlatform 'MacServer'
[2020.04.02-12.01.21:301][  0]LogTemp: Display: Module 'MacTargetPlatform' loaded TargetPlatform 'Mac'
[2020.04.02-12.01.21:326][  0]LogTemp: Display: Module 'WindowsClientTargetPlatform' loaded TargetPlatform 'WindowsClient'
[2020.04.02-12.01.21:354][  0]LogTemp: Display: Module 'WindowsNoEditorTargetPlatform' loaded TargetPlatform 'WindowsNoEditor'
[2020.04.02-12.01.21:378][  0]LogTemp: Display: Module 'WindowsServerTargetPlatform' loaded TargetPlatform 'WindowsServer'
[2020.04.02-12.01.21:398][  0]LogTemp: Display: Module 'WindowsTargetPlatform' loaded TargetPlatform 'Windows'
[2020.04.02-12.01.21:487][  0]LogTemp: Display: Module 'AndroidTargetPlatform' loaded TargetPlatform 'Android'
[2020.04.02-12.01.21:487][  0]LogTemp: Display: Module 'AndroidTargetPlatform' loaded TargetPlatform 'Android_ASTC'
[2020.04.02-12.01.21:487][  0]LogTemp: Display: Module 'AndroidTargetPlatform' loaded TargetPlatform 'Android_ATC'
[2020.04.02-12.01.21:487][  0]LogTemp: Display: Module 'AndroidTargetPlatform' loaded TargetPlatform 'Android_DXT'
[2020.04.02-12.01.21:487][  0]LogTemp: Display: Module 'AndroidTargetPlatform' loaded TargetPlatform 'Android_ETC1'
[2020.04.02-12.01.21:487][  0]LogTemp: Display: Module 'AndroidTargetPlatform' loaded TargetPlatform 'Android_ETC1a'
[2020.04.02-12.01.21:487][  0]LogTemp: Display: Module 'AndroidTargetPlatform' loaded TargetPlatform 'Android_ETC2'
[2020.04.02-12.01.21:487][  0]LogTemp: Display: Module 'AndroidTargetPlatform' loaded TargetPlatform 'Android_PVRTC'
[2020.04.02-12.01.21:487][  0]LogTemp: Display: Module 'AndroidTargetPlatform' loaded TargetPlatform 'AndroidClient'
[2020.04.02-12.01.21:487][  0]LogTemp: Display: Module 'AndroidTargetPlatform' loaded TargetPlatform 'Android_ASTCClient'
[2020.04.02-12.01.21:487][  0]LogTemp: Display: Module 'AndroidTargetPlatform' loaded TargetPlatform 'Android_ATCClient'
[2020.04.02-12.01.21:487][  0]LogTemp: Display: Module 'AndroidTargetPlatform' loaded TargetPlatform 'Android_DXTClient'
[2020.04.02-12.01.21:487][  0]LogTemp: Display: Module 'AndroidTargetPlatform' loaded TargetPlatform 'Android_ETC1Client'
[2020.04.02-12.01.21:487][  0]LogTemp: Display: Module 'AndroidTargetPlatform' loaded TargetPlatform 'Android_ETC1aClient'
[2020.04.02-12.01.21:487][  0]LogTemp: Display: Module 'AndroidTargetPlatform' loaded TargetPlatform 'Android_ETC2Client'
[2020.04.02-12.01.21:487][  0]LogTemp: Display: Module 'AndroidTargetPlatform' loaded TargetPlatform 'Android_PVRTCClient'
[2020.04.02-12.01.21:487][  0]LogTemp: Display: Module 'AndroidTargetPlatform' loaded TargetPlatform 'Android_Multi'
[2020.04.02-12.01.21:487][  0]LogTemp: Display: Module 'AndroidTargetPlatform' loaded TargetPlatform 'Android_MultiClient'
[2020.04.02-12.01.21:502][  0]LogTemp: Display: Module 'HTML5TargetPlatform' loaded TargetPlatform 'HTML5'
[2020.04.02-12.01.21:596][  0]LogTemp: Display: Module 'IOSTargetPlatform' loaded TargetPlatform 'IOSClient'
[2020.04.02-12.01.21:596][  0]LogTemp: Display: Module 'IOSTargetPlatform' loaded TargetPlatform 'IOS'
[2020.04.02-12.01.21:630][  0]LogTemp: Display: Module 'TVOSTargetPlatform' loaded TargetPlatform 'TVOSClient'
[2020.04.02-12.01.21:630][  0]LogTemp: Display: Module 'TVOSTargetPlatform' loaded TargetPlatform 'TVOS'
[2020.04.02-12.01.21:656][  0]LogTemp: Display: Module 'LinuxClientTargetPlatform' loaded TargetPlatform 'LinuxClient'
[2020.04.02-12.01.21:678][  0]LogTemp: Display: Module 'LinuxNoEditorTargetPlatform' loaded TargetPlatform 'LinuxNoEditor'
[2020.04.02-12.01.21:700][  0]LogTemp: Display: Module 'LinuxServerTargetPlatform' loaded TargetPlatform 'LinuxServer'
[2020.04.02-12.01.21:731][  0]LogTemp: Display: Module 'LinuxTargetPlatform' loaded TargetPlatform 'Linux'
[2020.04.02-12.01.21:786][  0]LogTemp: Display: Module 'LuminTargetPlatform' loaded TargetPlatform 'Lumin'
[2020.04.02-12.01.21:786][  0]LogTemp: Display: Module 'LuminTargetPlatform' loaded TargetPlatform 'LuminClient'
[2020.04.02-12.01.21:786][  0]LogTargetPlatformManager: Display: Building Assets For Windows
[2020.04.02-12.01.21:849][  0]LogAudioDebug: Display: Lib vorbis DLL was dynamically loaded.
[2020.04.02-12.01.22:159][  0]LogShaderCompilers: Guid format shader working directory is -5 characters bigger than the processId version (../../../../Unreal02_BuildingEscape/Building_Escape/Intermediate/Shaders/WorkingDirectory/6964/).
[2020.04.02-12.01.22:160][  0]LogShaderCompilers: Cleaned the shader compiler working directory 'C:/Users/Jakob/AppData/Local/Temp/UnrealShaderWorkingDir/EFC333F74184D19F8E4A7FB396EF5F89/'.
[2020.04.02-12.01.22:162][  0]LogXGEController: Cleaning working directory: C:/Users/Jakob/AppData/Local/Temp/UnrealXGEWorkingDir/
[2020.04.02-12.01.22:162][  0]LogXGEController: Cannot use XGE Controller as Incredibuild is not installed on this machine.
[2020.04.02-12.01.22:163][  0]LogShaderCompilers: Cannot use XGE Shader Compiler as Incredibuild is not installed on this machine.
[2020.04.02-12.01.22:163][  0]LogShaderCompilers: Display: Using Local Shader Compiler.
[2020.04.02-12.01.24:073][  0]LogDerivedDataCache: Display: Max Cache Size: 512 MB
[2020.04.02-12.01.24:187][  0]LogDerivedDataCache: Loaded boot cache 0.11s 71MB C:/Users/Jakob/AppData/Local/UnrealEngine/4.22/DerivedDataCache/Boot.ddc.
[2020.04.02-12.01.24:187][  0]LogDerivedDataCache: Display: Loaded Boot cache: C:/Users/Jakob/AppData/Local/UnrealEngine/4.22/DerivedDataCache/Boot.ddc
[2020.04.02-12.01.24:188][  0]LogDerivedDataCache: FDerivedDataBackendGraph:  Pak pak cache file ../../../../Unreal02_BuildingEscape/Building_Escape/DerivedDataCache/DDC.ddp not found, will not use a pak cache.
[2020.04.02-12.01.24:188][  0]LogDerivedDataCache: Unable to find inner node Pak for hierarchical cache Hierarchy.
[2020.04.02-12.01.24:188][  0]LogDerivedDataCache: FDerivedDataBackendGraph:  CompressedPak pak cache file ../../../../Unreal02_BuildingEscape/Building_Escape/DerivedDataCache/Compressed.ddp not found, will not use a pak cache.
[2020.04.02-12.01.24:188][  0]LogDerivedDataCache: Unable to find inner node CompressedPak for hierarchical cache Hierarchy.
[2020.04.02-12.01.24:207][  0]LogDerivedDataCache: Display: Pak cache opened for reading ../../../Engine/DerivedDataCache/Compressed.ddp.
[2020.04.02-12.01.24:207][  0]LogDerivedDataCache: FDerivedDataBackendGraph:  EnterprisePak pak cache file ../../../Enterprise/DerivedDataCache/Compressed.ddp not found, will not use a pak cache.
[2020.04.02-12.01.24:207][  0]LogDerivedDataCache: Unable to find inner node EnterprisePak for hierarchical cache Hierarchy.
[2020.04.02-12.01.24:219][  0]LogDerivedDataCache: Using Local data cache path C:/Users/Jakob/AppData/Local/UnrealEngine/Common/DerivedDataCache: Writable
[2020.04.02-12.01.24:219][  0]LogDerivedDataCache: Shared data cache path not found in *engine.ini, will not use an Shared cache.
[2020.04.02-12.01.24:219][  0]LogDerivedDataCache: Unable to find inner node Shared for hierarchical cache Hierarchy.
[2020.04.02-12.01.24:241][  0]LogMaterial: Verifying Global Shaders for PCD3D_SM5
[2020.04.02-12.01.24:246][  0]LogSlate: Using FreeType 2.6.0
[2020.04.02-12.01.24:262][  0]LogSlate: SlateFontServices - WITH_FREETYPE: 1, WITH_HARFBUZZ: 1
[2020.04.02-12.01.24:475][  0]LogAssetRegistry: FAssetRegistry took 0.0345 seconds to start up
[2020.04.02-12.01.24:897][  0]LogInit: Selected Device Profile: [Windows]
[2020.04.02-12.01.25:279][  0]LogMeshReduction: Using QuadricMeshReduction for automatic static mesh reduction
[2020.04.02-12.01.25:279][  0]LogMeshReduction: Using SimplygonMeshReduction for automatic skeletal mesh reduction
[2020.04.02-12.01.25:279][  0]LogMeshReduction: Using ProxyLODMeshReduction for automatic mesh merging
[2020.04.02-12.01.25:279][  0]LogMeshReduction: No distributed automatic mesh merging module available
[2020.04.02-12.01.25:280][  0]LogMeshMerging: No distributed automatic mesh merging module available
[2020.04.02-12.01.25:325][  0]LogNetVersion: Building_Escape 1.0.0, NetCL: 5660361, EngineNetVer: 10, GameNetVer: 0 (Checksum: 2929274254)
[2020.04.02-12.01.26:248][  0]LogPackageLocalizationCache: Processed 9 localized package path(s) for 1 prioritized culture(s) in 0.031985 seconds
[2020.04.02-12.01.26:254][  0]LogUObjectArray: 41958 objects as part of root set at end of initial load.
[2020.04.02-12.01.26:254][  0]LogUObjectAllocator: 7284248 out of 0 bytes used by permanent object pool.
[2020.04.02-12.01.26:254][  0]LogUObjectArray: CloseDisregardForGC: 0/0 objects in disregard for GC pool
[2020.04.02-12.01.29:217][  0]LogTcpMessaging: Initializing TcpMessaging bridge
[2020.04.02-12.01.29:248][  0]LogUdpMessaging: Initializing bridge on interface 0.0.0.0:0 to multicast group 230.0.0.1:6666.
[2020.04.02-12.01.29:644][  0]SourceControl: Source control is disabled
[2020.04.02-12.01.29:644][  0]SourceControl: Source control is disabled
[2020.04.02-12.01.29:672][  0]SourceControl: Source control is disabled
[2020.04.02-12.01.29:688][  0]SourceControl: Source control is disabled
[2020.04.02-12.01.30:336][  0]LogAndroidPermission: UAndroidPermissionCallbackProxy::GetInstance
[2020.04.02-12.01.30:748][  0]LogOcInput: OculusInput pre-init called
[2020.04.02-12.01.31:600][  0]LogEngine: Initializing Engine...
[2020.04.02-12.01.31:603][  0]LogStats: UGameplayTagsManager::InitializeManager -  0.001 s
[2020.04.02-12.01.31:923][  0]LogInit: Initializing FReadOnlyCVARCache
[2020.04.02-12.01.31:981][  0]LogAIModule: Creating AISystem for world Untitled
[2020.04.02-12.01.32:054][  0]LogInit: XAudio2 using 'Speakers (Sound Blaster Audigy Fx)' : 6 channels at 48 kHz using 16 bits per sample (channel mask 0x3f)
[2020.04.02-12.01.32:073][  0]LogInit: FAudioDevice initialized.
[2020.04.02-12.01.32:073][  0]LogNetVersion: Set ProjectVersion to 1.0.0.0. Version Checksum will be recalculated on next use.
[2020.04.02-12.01.32:106][  0]LogDerivedDataCache: Saved boot cache 0.03s 71MB C:/Users/Jakob/AppData/Local/UnrealEngine/4.22/DerivedDataCache/Boot.ddc.
[2020.04.02-12.01.32:109][  0]LogInit: Texture streaming: Enabled
[2020.04.02-12.01.32:201][  0]LogEngineSessionManager: EngineSessionManager initialized
[2020.04.02-12.01.32:201][  0]LogEngineSessionManager: EngineSessionManager sent abnormal shutdown report. Type=AbnormalShutdown, SessionId={17C50724-449B-A634-3DB8-6AABECAA1084}
[2020.04.02-12.01.32:369][  0]LogInit: Transaction tracking system initialized
[2020.04.02-12.01.32:507][  0]BlueprintLog: New page: Editor Load
[2020.04.02-12.01.32:994][  0]LocalizationService: Localization service is disabled
[2020.04.02-12.01.33:811][  0]LogFileCache: Scanning file cache for directory 'X:/repos/Unreal02_BuildingEscape/Building_Escape/Content/' took 0.01s
[2020.04.02-12.01.33:811][  0]LogCook: Display: Max memory allowance for cook 16384mb min free memory 0mb
[2020.04.02-12.01.33:812][  0]LogCook: Display: Mobile HDR setting 1
[2020.04.02-12.01.34:740][  0]SourceControl: Source control is disabled
[2020.04.02-12.01.34:834][  0]LogSlate: Took 0.004500 seconds to synchronously load lazily loaded font '../../../Engine/Content/Slate/Fonts/Roboto-Regular.ttf' (155K)
[2020.04.02-12.02.18:828][  0]LogSlate: Window 'Restore Packages' being destroyed
[2020.04.02-12.02.18:830][  0]LogWindowsTextInputMethodSystem: Display: IME system now deactivated.
[2020.04.02-12.02.18:857][  0]LogWindowsTextInputMethodSystem: Display: IME system now deactivated.
[2020.04.02-12.02.18:860][  0]Cmd: MAP LOAD FILE="../../../Engine/Content/Maps/Templates/Template_Default.umap" TEMPLATE=1 SHOWPROGRESS=1 FEATURELEVEL=3
[2020.04.02-12.02.18:871][  0]LightingResults: New page: Lighting Build
[2020.04.02-12.02.18:886][  0]MapCheck: New page: Map Check
[2020.04.02-12.02.18:886][  0]LightingResults: New page: Lighting Build
[2020.04.02-12.02.18:927][  0]LogUObjectHash: Compacting FUObjectHashTables data took   1.34ms
[2020.04.02-12.02.19:112][  0]LogAIModule: Creating AISystem for world Untitled_1
[2020.04.02-12.02.19:143][  0]LogEditorServer: Finished looking for orphan Actors (0.000 secs)
[2020.04.02-12.02.19:167][  0]LogUObjectHash: Compacting FUObjectHashTables data took   1.83ms
[2020.04.02-12.02.19:168][  0]Cmd: MAP CHECKDEP NOCLEARLOG
[2020.04.02-12.02.19:168][  0]MapCheck: Map check complete: 0 Error(s), 0 Warning(s), took 0.267ms to complete.
[2020.04.02-12.02.19:168][  0]LogFileHelpers: Loading map 'Template_Default' took 0.310
[2020.04.02-12.02.19:276][  0]LogSlate: Updating window title bar state: overlay mode, drag disabled, window buttons hidden, title bar hidden
[2020.04.02-12.02.19:282][  0]LogSlate: Updating window title bar state: overlay mode, drag disabled, window buttons hidden, title bar hidden
[2020.04.02-12.02.19:288][  0]LogSlate: Updating window title bar state: overlay mode, drag disabled, window buttons hidden, title bar hidden
[2020.04.02-12.02.19:293][  0]LogSlate: Updating window title bar state: overlay mode, drag disabled, window buttons hidden, title bar hidden
[2020.04.02-12.02.19:323][  0]LogCollectionManager: Loaded 0 collections in 0.001321 seconds
[2020.04.02-12.02.19:373][  0]LogFileCache: Scanning file cache for directory 'X:/repos/Unreal02_BuildingEscape/Building_Escape/Saved/Collections/' took 0.01s
[2020.04.02-12.02.19:373][  0]LogFileCache: Scanning file cache for directory 'X:/repos/Unreal02_BuildingEscape/Building_Escape/Content/Developers/Jakob/Collections/' took 0.01s
[2020.04.02-12.02.19:373][  0]LogFileCache: Scanning file cache for directory 'X:/repos/Unreal02_BuildingEscape/Building_Escape/Content/Collections/' took 0.01s
[2020.04.02-12.02.19:373][  0]LogCollectionManager: Rebuilt the GUID cache for 0 collections in 0.000000 seconds
[2020.04.02-12.02.19:383][  0]LogContentBrowser: Native class hierarchy populated in 0.0086 seconds. Added 2730 classes and 656 folders.
[2020.04.02-12.02.19:393][  0]LogContentBrowser: Native class hierarchy updated for 'WidgetCarousel' in 0.0003 seconds. Added 0 classes and 0 folders.
[2020.04.02-12.02.19:400][  0]LogPakFile: Registered encryption key '00000000000000000000000000000000': 0 pak files mounted, 0 remain pending
[2020.04.02-12.02.19:409][  0]LogPakFile: Registered encryption key '00000000000000000000000000000000': 0 pak files mounted, 0 remain pending
[2020.04.02-12.02.19:422][  0]LogPakFile: Registered encryption key '00000000000000000000000000000000': 0 pak files mounted, 0 remain pending
[2020.04.02-12.02.19:427][  0]LogPakFile: Registered encryption key '00000000000000000000000000000000': 0 pak files mounted, 0 remain pending
[2020.04.02-12.02.19:432][  0]LogPakFile: Registered encryption key '00000000000000000000000000000000': 0 pak files mounted, 0 remain pending
[2020.04.02-12.02.19:437][  0]LogPakFile: Registered encryption key '00000000000000000000000000000000': 0 pak files mounted, 0 remain pending
[2020.04.02-12.02.19:441][  0]LogPakFile: Registered encryption key '00000000000000000000000000000000': 0 pak files mounted, 0 remain pending
[2020.04.02-12.02.19:445][  0]LogPakFile: Registered encryption key '00000000000000000000000000000000': 0 pak files mounted, 0 remain pending
[2020.04.02-12.02.19:450][  0]LogPakFile: Registered encryption key '00000000000000000000000000000000': 0 pak files mounted, 0 remain pending
[2020.04.02-12.02.19:456][  0]LogPakFile: Registered encryption key '00000000000000000000000000000000': 0 pak files mounted, 0 remain pending
[2020.04.02-12.02.19:460][  0]LogPakFile: Registered encryption key '00000000000000000000000000000000': 0 pak files mounted, 0 remain pending
[2020.04.02-12.02.19:468][  0]LogPakFile: Registered encryption key '00000000000000000000000000000000': 0 pak files mounted, 0 remain pending
[2020.04.02-12.02.19:473][  0]LogPakFile: Registered encryption key '00000000000000000000000000000000': 0 pak files mounted, 0 remain pending
[2020.04.02-12.02.19:478][  0]LogPakFile: Registered encryption key '00000000000000000000000000000000': 0 pak files mounted, 0 remain pending
[2020.04.02-12.02.19:483][  0]LogPakFile: Registered encryption key '00000000000000000000000000000000': 0 pak files mounted, 0 remain pending
[2020.04.02-12.02.19:488][  0]LogPakFile: Registered encryption key '00000000000000000000000000000000': 0 pak files mounted, 0 remain pending
[2020.04.02-12.02.19:516][  0]LogPakFile: Registered encryption key '00000000000000000000000000000000': 0 pak files mounted, 0 remain pending
[2020.04.02-12.02.19:521][  0]LogPakFile: Registered encryption key '00000000000000000000000000000000': 0 pak files mounted, 0 remain pending
[2020.04.02-12.02.19:526][  0]LogPakFile: Registered encryption key '00000000000000000000000000000000': 0 pak files mounted, 0 remain pending
[2020.04.02-12.02.19:531][  0]LogPakFile: Registered encryption key '00000000000000000000000000000000': 0 pak files mounted, 0 remain pending
[2020.04.02-12.02.19:536][  0]LogPakFile: Registered encryption key '00000000000000000000000000000000': 0 pak files mounted, 0 remain pending
[2020.04.02-12.02.19:540][  0]LogPakFile: Registered encryption key '00000000000000000000000000000000': 0 pak files mounted, 0 remain pending
[2020.04.02-12.02.19:545][  0]LogPakFile: Registered encryption key '00000000000000000000000000000000': 0 pak files mounted, 0 remain pending
[2020.04.02-12.02.19:549][  0]LogPakFile: Registered encryption key '00000000000000000000000000000000': 0 pak files mounted, 0 remain pending
[2020.04.02-12.02.19:554][  0]LogPakFile: Registered encryption key '00000000000000000000000000000000': 0 pak files mounted, 0 remain pending
[2020.04.02-12.02.19:559][  0]LogPakFile: Registered encryption key '00000000000000000000000000000000': 0 pak files mounted, 0 remain pending
[2020.04.02-12.02.19:703][  0]LogContentBrowser: Native class hierarchy updated for 'AddContentDialog' in 0.0003 seconds. Added 0 classes and 0 folders.
[2020.04.02-12.02.19:759][  0]LogContentBrowser: Native class hierarchy updated for 'SceneOutliner' in 0.0004 seconds. Added 1 classes and 2 folders.
[2020.04.02-12.02.20:206][  0]LogSlate: Took 0.004855 seconds to synchronously load lazily loaded font '../../../Engine/Content/Slate/Fonts/Roboto-Bold.ttf' (160K)
[2020.04.02-12.02.20:211][  0]LogSlate: Took 0.003964 seconds to synchronously load lazily loaded font '../../../Engine/Content/Editor/Slate/Fonts/FontAwesome.ttf' (139K)
[2020.04.02-12.02.20:258][  0]LogRenderer: Reallocating scene render targets to support 1504x668 Format 10 NumSamples 1 (Frame:1).
[2020.04.02-12.02.20:457][  0]LogContentBrowser: Native class hierarchy updated for 'HierarchicalLODOutliner' in 0.0003 seconds. Added 0 classes and 0 folders.
[2020.04.02-12.02.20:457][  0]LogLoad: (Engine Initialization) Total time: 67.55 seconds
[2020.04.02-12.02.20:457][  0]LogLoad: (Engine Initialization) Total Blueprint compile time: 0.00 seconds
[2020.04.02-12.02.20:492][  0]LogAssetRegistry: Asset discovery search completed in 56.0404 seconds
[2020.04.02-12.02.20:494][  0]LogCollectionManager: Rebuilt the object cache for 0 collections in 0.000000 seconds (found 0 objects)
[2020.04.02-12.02.20:494][  0]LogCollectionManager: Fixed up redirectors for 0 collections in 0.000046 seconds (updated 0 objects)
[2020.04.02-12.02.20:499][  0]LogContentStreaming: Texture pool size now 1000 MB
[2020.04.02-12.02.45:838][488]LogSlate: FSceneViewport::OnFocusLost() reason 0
[2020.04.02-12.02.46:160][488]LogUObjectHash: Compacting FUObjectHashTables data took   0.43ms
[2020.04.02-12.02.46:206][488]LogSlate: Window 'Building_Escape - Unreal Editor' being destroyed
[2020.04.02-12.02.46:207][488]LogWindowsTextInputMethodSystem: Display: IME system now deactivated.
[2020.04.02-12.02.46:444][489]Cmd: QUIT_EDITOR
[2020.04.02-12.02.46:489][489]LogExit: Preparing to exit.
[2020.04.02-12.02.47:328][489]LogExit: Editor shut down
[2020.04.02-12.02.47:328][489]LogExit: Transaction tracking system shut down
[2020.04.02-12.02.47:528][489]LogExit: Object subsystem successfully closed.
[2020.04.02-12.02.47:555][489]LogShaderCompilers: Display: Shaders left to compile 0
[2020.04.02-12.02.47:557][489]LogD3D11RHI: Shutdown
[2020.04.02-12.02.47:557][489]LogD3D11RHI: CleanupD3DDevice
[2020.04.02-12.02.47:557][489]LogRendererCore: FGlobalReadBuffer::ReleaseRHI
[2020.04.02-12.02.47:557][489]LogRendererCore: FGlobalDynamicReadBuffer::Cleanup()
[2020.04.02-12.02.47:558][489]LogRendererCore: FGlobalReadBuffer::ReleaseRHI
[2020.04.02-12.02.47:558][489]LogRendererCore: FGlobalDynamicReadBuffer::Cleanup()
[2020.04.02-12.02.47:558][489]LogRendererCore: FGlobalReadBuffer::ReleaseRHI
[2020.04.02-12.02.47:558][489]LogRendererCore: FGlobalDynamicReadBuffer::Cleanup()
[2020.04.02-12.02.47:598][489]LogD3D11RHI: ~FD3D11DynamicRHI
[2020.04.02-12.02.47:619][489]LogModuleManager: Shutting down and abandoning module HierarchicalLODOutliner (642)
[2020.04.02-12.02.47:619][489]LogModuleManager: Shutting down and abandoning module SceneOutliner (640)
[2020.04.02-12.02.47:619][489]LogModuleManager: Shutting down and abandoning module AddContentDialog (638)
[2020.04.02-12.02.47:620][489]LogModuleManager: Shutting down and abandoning module WidgetCarousel (637)
[2020.04.02-12.02.47:620][489]LogModuleManager: Shutting down and abandoning module EditorWidgets (634)
[2020.04.02-12.02.47:620][489]LogModuleManager: Shutting down and abandoning module CollectionManager (632)
[2020.04.02-12.02.47:620][489]LogModuleManager: Shutting down and abandoning module HierarchicalLODUtilities (630)
[2020.04.02-12.02.47:620][489]LogModuleManager: Shutting down and abandoning module StatsViewer (628)
[2020.04.02-12.02.47:620][489]LogModuleManager: Shutting down and abandoning module FoliageEdit (626)
[2020.04.02-12.02.47:620][489]LogModuleManager: Shutting down and abandoning module LandscapeEditor (624)
[2020.04.02-12.02.47:621][489]LogModuleManager: Shutting down and abandoning module MeshPaintMode (622)
[2020.04.02-12.02.47:621][489]LogModuleManager: Shutting down and abandoning module SceneDepthPickerMode (620)
[2020.04.02-12.02.47:621][489]LogModuleManager: Shutting down and abandoning module ActorPickerMode (618)
[2020.04.02-12.02.47:621][489]LogModuleManager: Shutting down and abandoning module GeometryMode (616)
[2020.04.02-12.02.47:621][489]LogModuleManager: Shutting down and abandoning module TextureAlignMode (614)
[2020.04.02-12.02.47:621][489]LogModuleManager: Shutting down and abandoning module BspMode (612)
[2020.04.02-12.02.47:621][489]LogModuleManager: Shutting down and abandoning module PIEPreviewDeviceProfileSelector (610)
[2020.04.02-12.02.47:622][489]LogModuleManager: Shutting down and abandoning module SequenceRecorderSections (608)
[2020.04.02-12.02.47:622][489]LogModuleManager: Shutting down and abandoning module AutomationWorker (606)
[2020.04.02-12.02.47:622][489]LogModuleManager: Shutting down and abandoning module OculusMR (604)
[2020.04.02-12.02.47:622][489]LogModuleManager: Shutting down and abandoning module AudioCaptureEditor (602)
[2020.04.02-12.02.47:622][489]LogModuleManager: Shutting down and abandoning module MatineeToLevelSequence (600)
[2020.04.02-12.02.47:623][489]LogModuleManager: Shutting down and abandoning module LevelSequenceEditor (598)
[2020.04.02-12.02.47:624][489]LogModuleManager: Shutting down and abandoning module PlacementMode (597)
[2020.04.02-12.02.47:624][489]LogModuleManager: Shutting down and abandoning module MaterialEditor (596)
[2020.04.02-12.02.47:625][489]LogModuleManager: Shutting down and abandoning module ActorSequenceEditor (592)
[2020.04.02-12.02.47:625][489]LogModuleManager: Shutting down and abandoning module WmfMediaFactory (590)
[2020.04.02-12.02.47:625][489]LogModuleManager: Shutting down and abandoning module WmfMediaEditor (588)
[2020.04.02-12.02.47:625][489]LogModuleManager: Shutting down and abandoning module WebMMediaFactory (586)
[2020.04.02-12.02.47:625][489]LogModuleManager: Shutting down and abandoning module WebMMediaEditor (584)
[2020.04.02-12.02.47:625][489]LogModuleManager: Shutting down and abandoning module WebMMedia (582)
[2020.04.02-12.02.47:625][489]LogModuleManager: Shutting down and abandoning module MediaPlayerEditor (580)
[2020.04.02-12.02.47:626][489]LogModuleManager: Shutting down and abandoning module MediaCompositingEditor (578)
[2020.04.02-12.02.47:626][489]LogModuleManager: Shutting down and abandoning module SequenceRecorder (577)
[2020.04.02-12.02.47:626][489]LogModuleManager: Shutting down and abandoning module OpenExrWrapper (574)
[2020.04.02-12.02.47:626][489]LogModuleManager: Shutting down and abandoning module ImgMediaFactory (572)
[2020.04.02-12.02.47:626][489]LogModuleManager: Shutting down and abandoning module ImgMediaEditor (570)
[2020.04.02-12.02.47:626][489]LogModuleManager: Shutting down and abandoning module AvfMediaFactory (568)
[2020.04.02-12.02.47:626][489]LogModuleManager: Shutting down and abandoning module AvfMediaEditor (566)
[2020.04.02-12.02.47:626][489]LogModuleManager: Shutting down and abandoning module AndroidMediaFactory (564)
[2020.04.02-12.02.47:626][489]LogModuleManager: Shutting down and abandoning module AndroidMediaEditor (562)
[2020.04.02-12.02.47:626][489]LogModuleManager: Shutting down and abandoning module MagicLeapCameraPreviewFactory (560)
[2020.04.02-12.02.47:626][489]LogModuleManager: Shutting down and abandoning module MagicLeapMediaCodecFactory (558)
[2020.04.02-12.02.47:626][489]LogModuleManager: Shutting down and abandoning module MagicLeapMediaFactory (556)
[2020.04.02-12.02.47:626][489]LogModuleManager: Shutting down and abandoning module MagicLeapMediaEditor (554)
[2020.04.02-12.02.47:626][489]LogModuleManager: Shutting down and abandoning module CharacterAI (552)
[2020.04.02-12.02.47:626][489]LogModuleManager: Shutting down and abandoning module SmartSnapping (550)
[2020.04.02-12.02.47:626][489]LogModuleManager: Shutting down and abandoning module SessionServices (548)
[2020.04.02-12.02.47:626][489]LogModuleManager: Shutting down and abandoning module MeshPaint (546)
[2020.04.02-12.02.47:626][489]LogModuleManager: Shutting down and abandoning module ViewportSnapping (544)
[2020.04.02-12.02.47:626][489]LogModuleManager: Shutting down and abandoning module ViewportInteraction (542)
[2020.04.02-12.02.47:627][489]LogModuleManager: Shutting down and abandoning module ClothPainter (540)
[2020.04.02-12.02.47:627][489]LogModuleManager: Shutting down and abandoning module SkeletalMeshEditor (539)
[2020.04.02-12.02.47:628][489]LogModuleManager: Shutting down and abandoning module LogVisualizer (536)
[2020.04.02-12.02.47:628][489]LogModuleManager: Shutting down and abandoning module IntroTutorials (534)
[2020.04.02-12.02.47:629][489]LogModuleManager: Shutting down and abandoning module GameProjectGeneration (533)
[2020.04.02-12.02.47:629][489]LogModuleManager: Shutting down and abandoning module LuminPlatformEditor (530)
[2020.04.02-12.02.47:629][489]LogModuleManager: Shutting down and abandoning module IOSPlatformEditor (528)
[2020.04.02-12.02.47:629][489]LogModuleManager: Shutting down and abandoning module HTML5PlatformEditor (526)
[2020.04.02-12.02.47:629][489]LogModuleManager: Shutting down and abandoning module AndroidPlatformEditor (524)
[2020.04.02-12.02.47:630][489]LogModuleManager: Shutting down and abandoning module AndroidDeviceDetection (523)
[2020.04.02-12.02.48:342][489]LogModuleManager: Shutting down and abandoning module WindowsPlatformEditor (520)
[2020.04.02-12.02.48:342][489]LogModuleManager: Shutting down and abandoning module LuminRuntimeSettings (518)
[2020.04.02-12.02.48:342][489]LogModuleManager: Shutting down and abandoning module IOSRuntimeSettings (516)
[2020.04.02-12.02.48:342][489]LogModuleManager: Shutting down and abandoning module AndroidRuntimeSettings (514)
[2020.04.02-12.02.48:342][489]LogModuleManager: Shutting down and abandoning module TimeManagementEditor (512)
[2020.04.02-12.02.48:342][489]LogModuleManager: Shutting down and abandoning module InputBindingEditor (510)
[2020.04.02-12.02.48:342][489]LogModuleManager: Shutting down and abandoning module MergeActors (508)
[2020.04.02-12.02.48:345][489]LogModuleManager: Shutting down and abandoning module LocalizationDashboard (506)
[2020.04.02-12.02.48:346][489]LogModuleManager: Shutting down and abandoning module LocalizationService (505)
[2020.04.02-12.02.48:346][489]LogModuleManager: Shutting down and abandoning module HardwareTargeting (502)
[2020.04.02-12.02.48:346][489]LogModuleManager: Shutting down and abandoning module DeviceProfileEditor (500)
[2020.04.02-12.02.48:346][489]LogModuleManager: Shutting down and abandoning module UndoHistory (498)
[2020.04.02-12.02.48:346][489]LogModuleManager: Shutting down and abandoning module XmlParser (496)
[2020.04.02-12.02.48:346][489]LogModuleManager: Shutting down and abandoning module Blutility (494)
[2020.04.02-12.02.48:346][489]LogModuleManager: Shutting down and abandoning module ProjectSettingsViewer (492)
[2020.04.02-12.02.48:347][489]LogModuleManager: Shutting down and abandoning module ProjectTargetPlatformEditor (491)
[2020.04.02-12.02.48:347][489]LogModuleManager: Shutting down and abandoning module EditorSettingsViewer (488)
[2020.04.02-12.02.48:347][489]LogModuleManager: Shutting down and abandoning module SettingsEditor (486)
[2020.04.02-12.02.48:347][489]LogModuleManager: Shutting down and abandoning module ProjectLauncher (484)
[2020.04.02-12.02.48:347][489]LogModuleManager: Shutting down and abandoning module SessionFrontend (482)
[2020.04.02-12.02.48:347][489]LogModuleManager: Shutting down and abandoning module ProfilerClient (480)
[2020.04.02-12.02.48:347][489]LogModuleManager: Shutting down and abandoning module DeviceManager (478)
[2020.04.02-12.02.48:348][489]LogModuleManager: Shutting down and abandoning module TargetDeviceServices (477)
[2020.04.02-12.02.48:403][489]LogModuleManager: Shutting down and abandoning module AutomationController (474)
[2020.04.02-12.02.48:403][489]LogModuleManager: Shutting down and abandoning module AutomationWindow (472)
[2020.04.02-12.02.48:403][489]LogModuleManager: Shutting down and abandoning module Layers (470)
[2020.04.02-12.02.48:404][489]LogModuleManager: Shutting down and abandoning module ComponentVisualizers (468)
[2020.04.02-12.02.48:404][489]LogModuleManager: Shutting down and abandoning module DetailCustomizations (466)
[2020.04.02-12.02.48:404][489]LogModuleManager: Shutting down and abandoning module PackagesDialog (464)
[2020.04.02-12.02.48:405][489]LogModuleManager: Shutting down and abandoning module AnimationBlueprintEditor (462)
[2020.04.02-12.02.48:406][489]LogModuleManager: Shutting down and abandoning module Persona (460)
[2020.04.02-12.02.48:406][489]LogModuleManager: Shutting down and abandoning module AdvancedPreviewScene (459)
[2020.04.02-12.02.48:406][489]LogModuleManager: Shutting down and abandoning module AnimGraph (457)
[2020.04.02-12.02.48:406][489]LogModuleManager: Shutting down and abandoning module Kismet (454)
[2020.04.02-12.02.48:408][489]LogModuleManager: Shutting down and abandoning module GraphEditor (452)
[2020.04.02-12.02.48:409][489]LogModuleManager: Shutting down and abandoning module ClassViewer (450)
[2020.04.02-12.02.48:409][489]LogModuleManager: Shutting down and abandoning module Toolbox (448)
[2020.04.02-12.02.48:409][489]LogModuleManager: Shutting down and abandoning module DesktopPlatform (447)
[2020.04.02-12.02.48:409][489]LogModuleManager: Shutting down and abandoning module ModuleUI (444)
[2020.04.02-12.02.48:409][489]LogModuleManager: Shutting down and abandoning module MovieSceneTools (442)
[2020.04.02-12.02.48:409][489]LogModuleManager: Shutting down and abandoning module OutputLog (440)
[2020.04.02-12.02.48:409][489]LogModuleManager: Shutting down and abandoning module GammaUI (438)
[2020.04.02-12.02.48:410][489]LogModuleManager: Shutting down and abandoning module Documentation (436)
[2020.04.02-12.02.48:410][489]LogModuleManager: Shutting down and abandoning module LiveCoding (434)
[2020.04.02-12.02.48:410][489]LogModuleManager: Shutting down and abandoning module LevelSequence (432)
[2020.04.02-12.02.48:410][489]LogModuleManager: Shutting down and abandoning module MovieSceneTracks (430)
[2020.04.02-12.02.48:410][489]LogModuleManager: Shutting down and abandoning module MovieScene (428)
[2020.04.02-12.02.48:410][489]LogModuleManager: Shutting down and abandoning module StreamingPauseRendering (426)
[2020.04.02-12.02.48:410][489]LogModuleManager: Shutting down and abandoning module LauncherPlatform (424)
[2020.04.02-12.02.48:410][489]LogModuleManager: Shutting down and abandoning module AnalyticsET (422)
[2020.04.02-12.02.48:410][489]LogModuleManager: Shutting down and abandoning module PortalServices (420)
[2020.04.02-12.02.48:410][489]LogModuleManager: Shutting down and abandoning module PortalRpc (418)
[2020.04.02-12.02.48:410][489]LogModuleManager: Shutting down and abandoning module MessagingRpc (416)
[2020.04.02-12.02.48:410][489]LogModuleManager: Shutting down and abandoning module AIModule (414)
[2020.04.02-12.02.48:411][489]LogModuleManager: Shutting down and abandoning module GameplayDebugger (413)
[2020.04.02-12.02.48:411][489]LogModuleManager: Shutting down and abandoning module AITestSuite (411)
[2020.04.02-12.02.48:411][489]LogModuleManager: Shutting down and abandoning module NavigationSystem (409)
[2020.04.02-12.02.48:411][489]LogModuleManager: Shutting down and abandoning module ImageWriteQueue (406)
[2020.04.02-12.02.48:413][489]LogModuleManager: Shutting down and abandoning module ProfilerService (404)
[2020.04.02-12.02.48:588][489]LogModuleManager: Shutting down and abandoning module TaskGraph (402)
[2020.04.02-12.02.48:591][489]LogModuleManager: Shutting down and abandoning module ProceduralMeshComponentEditor (400)
[2020.04.02-12.02.48:591][489]LogModuleManager: Shutting down and abandoning module ProceduralMeshComponent (398)
[2020.04.02-12.02.48:592][489]LogModuleManager: Shutting down and abandoning module OculusEditor (396)
[2020.04.02-12.02.48:592][489]LogModuleManager: Shutting down and abandoning module OculusInput (394)
[2020.04.02-12.02.48:592][489]LogModuleManager: Shutting down and abandoning module MobilePatchingUtils (392)
[2020.04.02-12.02.48:592][489]LogModuleManager: Shutting down and abandoning module EditableMesh (390)
[2020.04.02-12.02.48:592][489]LogModuleManager: Shutting down and abandoning module CustomMeshComponent (388)
[2020.04.02-12.02.48:592][489]LogModuleManager: Shutting down and abandoning module CableComponent (386)
[2020.04.02-12.02.48:592][489]LogModuleManager: Shutting down and abandoning module AudioCapture (384)
[2020.04.02-12.02.48:592][489]LogModuleManager: Shutting down and abandoning module ArchVisCharacter (382)
[2020.04.02-12.02.48:592][489]LogModuleManager: Shutting down and abandoning module AndroidPermission (380)
[2020.04.02-12.02.48:592][489]LogModuleManager: Shutting down and abandoning module NUTUnrealEngine4 (378)
[2020.04.02-12.02.48:592][489]LogModuleManager: Shutting down and abandoning module NetcodeUnitTest (376)
[2020.04.02-12.02.48:593][489]LogModuleManager: Shutting down and abandoning module MediaCompositing (374)
[2020.04.02-12.02.48:593][489]LogModuleManager: Shutting down and abandoning module LinearTimecode (372)
[2020.04.02-12.02.48:593][489]LogModuleManager: Shutting down and abandoning module ImgMedia (370)
[2020.04.02-12.02.48:593][489]LogModuleManager: Shutting down and abandoning module MagicLeapHelperVulkan (368)
[2020.04.02-12.02.48:593][489]LogModuleManager: Shutting down and abandoning module MagicLeapHelperOpenGL (366)
[2020.04.02-12.02.48:593][489]LogModuleManager: Shutting down and abandoning module MagicLeapAudio (364)
[2020.04.02-12.02.48:593][489]LogModuleManager: Shutting down and abandoning module HTML5Networking (362)
[2020.04.02-12.02.48:593][489]LogModuleManager: Shutting down and abandoning module GeometryCacheTracks (360)
[2020.04.02-12.02.48:593][489]LogModuleManager: Shutting down and abandoning module GeometryCacheSequencer (358)
[2020.04.02-12.02.48:593][489]LogModuleManager: Shutting down and abandoning module BackChannel (356)
[2020.04.02-12.02.48:593][489]LogModuleManager: Shutting down and abandoning module AppleVision (354)
[2020.04.02-12.02.48:593][489]LogModuleManager: Shutting down and abandoning module AppleImageUtilsBlueprintSupport (352)
[2020.04.02-12.02.48:593][489]LogModuleManager: Shutting down and abandoning module AppleImageUtils (350)
[2020.04.02-12.02.48:593][489]LogModuleManager: Shutting down and abandoning module AlembicImporter (348)
[2020.04.02-12.02.48:593][489]LogModuleManager: Shutting down and abandoning module AlembicLibrary (347)
[2020.04.02-12.02.48:593][489]LogModuleManager: Shutting down and abandoning module GeometryCache (346)
[2020.04.02-12.02.48:593][489]LogModuleManager: Shutting down and abandoning module GeometryCacheEd (345)
[2020.04.02-12.02.48:593][489]LogModuleManager: Shutting down and abandoning module VariantManagerContent (340)
[2020.04.02-12.02.48:593][489]LogModuleManager: Shutting down and abandoning module DatasmithContentEditor (338)
[2020.04.02-12.02.48:594][489]LogModuleManager: Shutting down and abandoning module SpeedTreeImporter (336)
[2020.04.02-12.02.48:594][489]LogModuleManager: Shutting down and abandoning module PluginBrowser (334)
[2020.04.02-12.02.48:595][489]LogModuleManager: Shutting down and abandoning module MobileLauncherProfileWizard (332)
[2020.04.02-12.02.48:595][489]LogModuleManager: Shutting down and abandoning module MaterialAnalyzer (330)
[2020.04.02-12.02.48:595][489]LogModuleManager: Shutting down and abandoning module CryptoKeysOpenSSL (328)
[2020.04.02-12.02.48:595][489]LogModuleManager: Shutting down and abandoning module CryptoKeys (326)
[2020.04.02-12.02.48:595][489]LogModuleManager: Shutting down and abandoning module VisualStudioSourceCodeAccess (324)
[2020.04.02-12.02.48:595][489]LogModuleManager: Shutting down and abandoning module VisualStudioCodeSourceCodeAccess (322)
[2020.04.02-12.02.48:595][489]LogModuleManager: Shutting down and abandoning module UObjectPlugin (320)
[2020.04.02-12.02.48:595][489]LogModuleManager: Shutting down and abandoning module SubversionSourceControl (318)
[2020.04.02-12.02.48:596][489]LogModuleManager: Shutting down and abandoning module PerforceSourceControl (316)
[2020.04.02-12.02.48:597][489]LogModuleManager: Shutting down and abandoning module GitSourceControl (314)
[2020.04.02-12.02.48:597][489]LogModuleManager: Shutting down and abandoning module SourceControl (313)
[2020.04.02-12.02.48:597][489]LogModuleManager: Shutting down and abandoning module CLionSourceCodeAccess (310)
[2020.04.02-12.02.48:597][489]LogModuleManager: Shutting down and abandoning module AnimationSharingEd (308)
[2020.04.02-12.02.48:597][489]LogModuleManager: Shutting down and abandoning module ActorLayerUtilitiesEditor (306)
[2020.04.02-12.02.48:597][489]LogModuleManager: Shutting down and abandoning module ActorLayerUtilities (304)
[2020.04.02-12.02.48:597][489]LogModuleManager: Shutting down and abandoning module LightPropagationVolumeEditor (302)
[2020.04.02-12.02.48:597][489]LogModuleManager: Shutting down and abandoning module PaperTiledImporter (300)
[2020.04.02-12.02.48:597][489]LogModuleManager: Shutting down and abandoning module PaperSpriteSheetImporter (298)
[2020.04.02-12.02.48:597][489]LogModuleManager: Shutting down and abandoning module Paper2DEditor (296)
[2020.04.02-12.02.48:598][489]LogModuleManager: Shutting down and abandoning module Building_Escape (294)
[2020.04.02-12.02.48:598][489]LogModuleManager: Shutting down and abandoning module SignificanceManager (292)
[2020.04.02-12.02.48:598][489]LogModuleManager: Shutting down and abandoning module RuntimePhysXCooking (290)
[2020.04.02-12.02.48:598][489]LogModuleManager: Shutting down and abandoning module PhysXVehiclesEditor (288)
[2020.04.02-12.02.48:598][489]LogModuleManager: Shutting down and abandoning module PhysXVehicles (286)
[2020.04.02-12.02.48:598][489]LogModuleManager: Shutting down and abandoning module LocationServicesBPLibrary (284)
[2020.04.02-12.02.48:598][489]LogModuleManager: Shutting down and abandoning module ActorSequence (282)
[2020.04.02-12.02.48:598][489]LogModuleManager: Shutting down and abandoning module UdpMessaging (280)
[2020.04.02-12.02.48:699][489]LogModuleManager: Shutting down and abandoning module TcpMessaging (278)
[2020.04.02-12.02.48:805][489]LogModuleManager: Shutting down and abandoning module MagicLeapIdentity (276)
[2020.04.02-12.02.48:805][489]LogModuleManager: Shutting down and abandoning module MagicLeapSecureStorage (274)
[2020.04.02-12.02.48:805][489]LogModuleManager: Shutting down and abandoning module MagicLeapHandTracking (272)
[2020.04.02-12.02.48:806][489]LogModuleManager: Shutting down and abandoning module MagicLeapEyeTracker (270)
[2020.04.02-12.02.48:806][489]LogModuleManager: Shutting down and abandoning module MagicLeapController (268)
[2020.04.02-12.02.48:806][489]LogSlate: Slate User Destroyed.  User Index 0, Is Virtual User: 0
[2020.04.02-12.02.48:806][489]LogModuleManager: Shutting down and abandoning module MagicLeapAR (266)
[2020.04.02-12.02.48:806][489]LogModuleManager: Shutting down and abandoning module AugmentedReality (265)
[2020.04.02-12.02.48:806][489]LogModuleManager: Shutting down and abandoning module GameplayTagsEditor (262)
[2020.04.02-12.02.48:806][489]LogModuleManager: Shutting down and abandoning module FacialAnimationEditor (260)
[2020.04.02-12.02.48:806][489]LogModuleManager: Shutting down and abandoning module FacialAnimation (258)
[2020.04.02-12.02.48:806][489]LogModuleManager: Shutting down and abandoning module DataValidation (256)
[2020.04.02-12.02.48:806][489]LogModuleManager: Shutting down and abandoning module AssetManagerEditor (254)
[2020.04.02-12.02.48:806][489]LogModuleManager: Shutting down and abandoning module LevelEditor (253)
[2020.04.02-12.02.48:807][489]LogModuleManager: Shutting down and abandoning module PixelInspectorModule (252)
[2020.04.02-12.02.48:807][489]LogModuleManager: Shutting down and abandoning module CommonMenuExtensions (250)
[2020.04.02-12.02.48:807][489]LogModuleManager: Shutting down and abandoning module MainFrame (248)
[2020.04.02-12.02.48:807][489]LogModuleManager: Shutting down and abandoning module HotReload (247)
[2020.04.02-12.02.48:808][489]LogModuleManager: Shutting down and abandoning module ContentBrowser (243)
[2020.04.02-12.02.48:808][489]LogModuleManager: Shutting down and abandoning module TreeMap (241)
[2020.04.02-12.02.48:809][489]LogModuleManager: Shutting down and abandoning module AnimationSharing (238)
[2020.04.02-12.02.48:809][489]LogModuleManager: Shutting down and abandoning module LightPropagationVolumeRuntime (236)
[2020.04.02-12.02.48:809][489]LogModuleManager: Shutting down and abandoning module AISupportModule (234)
[2020.04.02-12.02.48:809][489]LogModuleManager: Shutting down and abandoning module Paper2D (232)
[2020.04.02-12.02.48:809][489]LogModuleManager: Shutting down and abandoning module WindowsMoviePlayer (230)
[2020.04.02-12.02.48:809][489]LogModuleManager: Shutting down and abandoning module WebMMoviePlayer (228)
[2020.04.02-12.02.48:809][489]LogModuleManager: Shutting down and abandoning module PacketHandler (226)
[2020.04.02-12.02.48:809][489]LogModuleManager: Shutting down and abandoning module ClothingSystemEditor (224)
[2020.04.02-12.02.48:809][489]LogModuleManager: Shutting down and abandoning module ClothingSystemRuntime (222)
[2020.04.02-12.02.48:809][489]LogModuleManager: Shutting down and abandoning module MediaAssets (220)
[2020.04.02-12.02.48:809][489]LogModuleManager: Shutting down and abandoning module Overlay (218)
[2020.04.02-12.02.48:809][489]LogModuleManager: Shutting down and abandoning module OverlayEditor (217)
[2020.04.02-12.02.48:809][489]LogModuleManager: Shutting down and abandoning module VREditor (214)
[2020.04.02-12.02.48:810][489]LogModuleManager: Shutting down and abandoning module StringTableEditor (212)
[2020.04.02-12.02.48:810][489]LogModuleManager: Shutting down and abandoning module GameplayTasksEditor (210)
[2020.04.02-12.02.48:810][489]LogModuleManager: Shutting down and abandoning module BehaviorTreeEditor (208)
[2020.04.02-12.02.48:811][489]LogModuleManager: Shutting down and abandoning module FunctionalTesting (206)
[2020.04.02-12.02.48:811][489]LogModuleManager: Shutting down and abandoning module CollisionAnalyzer (204)
[2020.04.02-12.02.48:812][489]LogModuleManager: Shutting down and abandoning module WorkspaceMenuStructure (203)
[2020.04.02-12.02.48:812][489]LogModuleManager: Shutting down and abandoning module UMG (200)
[2020.04.02-12.02.48:813][489]LogModuleManager: Shutting down and abandoning module UMGEditor (199)
[2020.04.02-12.02.48:813][489]LogModuleManager: Shutting down and abandoning module Sequencer (198)
[2020.04.02-12.02.48:814][489]LogModuleManager: Shutting down and abandoning module MessageLog (195)
[2020.04.02-12.02.48:814][489]LogModuleManager: Shutting down and abandoning module SlateReflector (190)
[2020.04.02-12.02.48:815][489]LogModuleManager: Shutting down and abandoning module Slate (188)
[2020.04.02-12.02.48:816][489]LogModuleManager: Shutting down and abandoning module EditorStyle (186)
[2020.04.02-12.02.48:816][489]LogModuleManager: Shutting down and abandoning module UnrealEd (184)
[2020.04.02-12.02.48:816][489]LogModuleManager: Shutting down and abandoning module MRMesh (182)
[2020.04.02-12.02.48:816][489]LogModuleManager: Shutting down and abandoning module SourceCodeAccess (180)
[2020.04.02-12.02.48:816][489]LogModuleManager: Shutting down and abandoning module HeadMountedDisplay (178)
[2020.04.02-12.02.48:816][489]LogModuleManager: Shutting down and abandoning module XAudio2 (176)
[2020.04.02-12.02.48:816][489]LogModuleManager: Shutting down and abandoning module Networking (174)
[2020.04.02-12.02.48:816][489]LogModuleManager: Shutting down and abandoning module Core (172)
[2020.04.02-12.02.48:816][489]LogModuleManager: Shutting down and abandoning module KismetCompiler (170)
[2020.04.02-12.02.48:816][489]LogModuleManager: Shutting down and abandoning module MeshUtilities (168)
[2020.04.02-12.02.48:816][489]LogModuleManager: Shutting down and abandoning module MeshMergeUtilities (167)
[2020.04.02-12.02.48:817][489]LogModuleManager: Shutting down and abandoning module MeshReductionInterface (166)
[2020.04.02-12.02.48:817][489]LogModuleManager: Shutting down and abandoning module SkeletalMeshReduction (165)
[2020.04.02-12.02.48:817][489]LogModuleManager: Shutting down and abandoning module ProxyLODMeshReduction (163)
[2020.04.02-12.02.48:818][489]LogModuleManager: Shutting down and abandoning module QuadricMeshReduction (161)
[2020.04.02-12.02.48:818][489]LogModuleManager: Shutting down and abandoning module MaterialBaking (157)
[2020.04.02-12.02.48:818][489]LogModuleManager: Shutting down and abandoning module DerivedDataCache (152)
[2020.04.02-12.02.49:283][489]LogDerivedDataCache: Shutdown
[2020.04.02-12.02.49:283][489]LogModuleManager: Shutting down and abandoning module XGEController (150)
[2020.04.02-12.02.49:283][489]LogXGEController: Cleaning working directory: C:/Users/Jakob/AppData/Local/Temp/UnrealXGEWorkingDir/
[2020.04.02-12.02.49:283][489]LogModuleManager: Shutting down and abandoning module TargetPlatform (148)
[2020.04.02-12.02.49:283][489]LogModuleManager: Shutting down and abandoning module VulkanShaderFormat (147)
[2020.04.02-12.02.49:283][489]LogModuleManager: Shutting down and abandoning module ShaderFormatVectorVM (145)
[2020.04.02-12.02.49:284][489]LogModuleManager: Shutting down and abandoning module ShaderFormatOpenGL (143)
[2020.04.02-12.02.49:284][489]LogModuleManager: Shutting down and abandoning module ShaderFormatD3D (141)
[2020.04.02-12.02.49:284][489]LogModuleManager: Shutting down and abandoning module MetalShaderFormat (139)
[2020.04.02-12.02.49:284][489]LogModuleManager: Shutting down and abandoning module TextureFormatUncompressed (137)
[2020.04.02-12.02.49:284][489]LogModuleManager: Shutting down and abandoning module TextureFormatPVR (135)
[2020.04.02-12.02.49:284][489]LogModuleManager: Shutting down and abandoning module TextureFormatDXT (133)
[2020.04.02-12.02.49:285][489]LogModuleManager: Shutting down and abandoning module TextureFormatIntelISPCTexComp (131)
[2020.04.02-12.02.49:285][489]LogModuleManager: Shutting down and abandoning module TextureFormatASTC (129)
[2020.04.02-12.02.49:285][489]LogModuleManager: Shutting down and abandoning module ImageWrapper (128)
[2020.04.02-12.02.49:285][489]LogModuleManager: Shutting down and abandoning module TextureFormatAndroid (125)
[2020.04.02-12.02.49:285][489]LogModuleManager: Shutting down and abandoning module AudioFormatOpus (123)
[2020.04.02-12.02.49:285][489]LogModuleManager: Shutting down and abandoning module AudioFormatOgg (121)
[2020.04.02-12.02.49:285][489]LogModuleManager: Shutting down and abandoning module AudioFormatADPCM (119)
[2020.04.02-12.02.49:285][489]LogModuleManager: Shutting down and abandoning module LuminTargetPlatform (117)
[2020.04.02-12.02.49:286][489]LogModuleManager: Shutting down and abandoning module LinuxTargetPlatform (115)
[2020.04.02-12.02.49:286][489]LogModuleManager: Shutting down and abandoning module LinuxServerTargetPlatform (113)
[2020.04.02-12.02.49:286][489]LogModuleManager: Shutting down and abandoning module LinuxNoEditorTargetPlatform (111)
[2020.04.02-12.02.49:286][489]LogModuleManager: Shutting down and abandoning module LinuxClientTargetPlatform (109)
[2020.04.02-12.02.49:286][489]LogModuleManager: Shutting down and abandoning module TVOSTargetPlatform (107)
[2020.04.02-12.02.49:287][489]LogModuleManager: Shutting down and abandoning module Messaging (105)
[2020.04.02-12.02.49:287][489]LogModuleManager: Shutting down and abandoning module IOSTargetPlatform (103)
[2020.04.02-12.02.49:287][489]LogModuleManager: Shutting down and abandoning module HTML5TargetPlatform (101)
[2020.04.02-12.02.49:287][489]LogModuleManager: Shutting down and abandoning module AndroidTargetPlatform (99)
[2020.04.02-12.02.49:290][489]LogModuleManager: Shutting down and abandoning module WindowsTargetPlatform (97)
[2020.04.02-12.02.49:291][489]LogModuleManager: Shutting down and abandoning module WindowsServerTargetPlatform (95)
[2020.04.02-12.02.49:291][489]LogModuleManager: Shutting down and abandoning module WindowsNoEditorTargetPlatform (93)
[2020.04.02-12.02.49:291][489]LogModuleManager: Shutting down and abandoning module WindowsClientTargetPlatform (91)
[2020.04.02-12.02.49:291][489]LogModuleManager: Shutting down and abandoning module MacTargetPlatform (89)
[2020.04.02-12.02.49:291][489]LogModuleManager: Shutting down and abandoning module MacServerTargetPlatform (87)
[2020.04.02-12.02.49:291][489]LogModuleManager: Shutting down and abandoning module MacNoEditorTargetPlatform (85)
[2020.04.02-12.02.49:291][489]LogModuleManager: Shutting down and abandoning module MacClientTargetPlatform (83)
[2020.04.02-12.02.49:291][489]LogModuleManager: Shutting down and abandoning module AllDesktopTargetPlatform (81)
[2020.04.02-12.02.49:291][489]LogModuleManager: Shutting down and abandoning module InputCore (78)
[2020.04.02-12.02.49:291][489]LogModuleManager: Shutting down and abandoning module Settings (76)
[2020.04.02-12.02.49:291][489]LogModuleManager: Shutting down and abandoning module DirectoryWatcher (74)
[2020.04.02-12.02.49:291][489]LogModuleManager: Shutting down and abandoning module PhysXCooking (72)
[2020.04.02-12.02.49:291][489]LogModuleManager: Shutting down and abandoning module OculusHMD (70)
[2020.04.02-12.02.49:291][489]LogModuleManager: Shutting down and abandoning module ExampleDeviceProfileSelector (68)
[2020.04.02-12.02.49:291][489]LogModuleManager: Shutting down and abandoning module LauncherChunkInstaller (66)
[2020.04.02-12.02.49:291][489]LogModuleManager: Shutting down and abandoning module OnlineBlueprintSupport (64)
[2020.04.02-12.02.49:291][489]LogModuleManager: Shutting down and abandoning module OnlineSubsystem (60)
[2020.04.02-12.02.49:292][489]LogModuleManager: Shutting down and abandoning module XMPP (55)
[2020.04.02-12.02.49:293][489]LogModuleManager: Shutting down and abandoning module WebSockets (54)
[2020.04.02-12.02.49:301][489]LogModuleManager: Shutting down and abandoning module HTTP (51)
[2020.04.02-12.02.49:301][489]LogHttp: Display: Http module shutting down, but needs to wait on 1 outstanding Http requests:
[2020.04.02-12.02.49:301][489]LogHttp: Display: 	verb=[POST] url=[https://datarouter.ol.epicgames.com/datarouter/api/v1/public/data?SessionID=%7B6917239B-46E9-5AF3-786C-43B60D5421BD%7D&AppID=UEEditor.Rocket.Release&AppVersion=4.22.3-7053642%2B%2B%2BUE4%2BRelease-4.22&UserID=e18b81234784e4303ef669b6db93eacd%7Cc0a44ba4d65e434cae3a4a8df45c595b%7C3cf081e4-3c29-4214-9bce-7288f77e59dc&AppEnvironment=datacollector-binary&UploadType=eteventstream] status=Processing
[2020.04.02-12.02.49:324][489]LogModuleManager: Shutting down and abandoning module SSL (50)
[2020.04.02-12.02.49:325][489]LogModuleManager: Shutting down and abandoning module WmfMedia (46)
[2020.04.02-12.02.49:326][489]LogModuleManager: Shutting down and abandoning module Media (45)
[2020.04.02-12.02.49:332][489]LogModuleManager: Shutting down and abandoning module MagicLeap (42)
[2020.04.02-12.02.49:332][489]LogModuleManager: Shutting down and abandoning module DatasmithContent (40)
[2020.04.02-12.02.49:332][489]LogModuleManager: Shutting down and abandoning module AnimationModifiers (38)
[2020.04.02-12.02.49:333][489]LogModuleManager: Shutting down and abandoning module PropertyEditor (37)
[2020.04.02-12.02.49:333][489]LogModuleManager: Shutting down and abandoning module AudioEditor (34)
[2020.04.02-12.02.49:334][489]LogModuleManager: Shutting down and abandoning module TextureCompressor (32)
[2020.04.02-12.02.49:334][489]LogModuleManager: Shutting down and abandoning module RenderCore (30)
[2020.04.02-12.02.49:334][489]LogModuleManager: Shutting down and abandoning module Landscape (28)
[2020.04.02-12.02.49:334][489]LogModuleManager: Shutting down and abandoning module SlateRHIRenderer (26)
[2020.04.02-12.02.49:334][489]LogModuleManager: Shutting down and abandoning module OpenGLDrv (24)
[2020.04.02-12.02.49:335][489]LogModuleManager: Shutting down and abandoning module D3D11RHI (22)
[2020.04.02-12.02.49:335][489]LogModuleManager: Shutting down and abandoning module AnimGraphRuntime (20)
[2020.04.02-12.02.49:335][489]LogModuleManager: Shutting down and abandoning module Renderer (18)
[2020.04.02-12.02.49:335][489]LogModuleManager: Shutting down and abandoning module Engine (16)
[2020.04.02-12.02.49:335][489]LogModuleManager: Shutting down and abandoning module CoreUObject (14)
[2020.04.02-12.02.49:335][489]LogModuleManager: Shutting down and abandoning module NetworkFile (12)
[2020.04.02-12.02.49:335][489]LogModuleManager: Shutting down and abandoning module CookedIterativeFile (10)
[2020.04.02-12.02.49:335][489]LogModuleManager: Shutting down and abandoning module StreamingFile (8)
[2020.04.02-12.02.49:335][489]LogModuleManager: Shutting down and abandoning module SandboxFile (6)
[2020.04.02-12.02.49:335][489]LogModuleManager: Shutting down and abandoning module PakFile (4)
[2020.04.02-12.02.49:335][489]LogModuleManager: Shutting down and abandoning module RSA (3)
[2020.04.02-12.02.49:340][489]LogExit: Exiting.
[2020.04.02-12.02.49:352][489]Log file closed, 04/02/20 13:02:49
